2024-10-22 15:46:44,349 [INFO] Activator:176 - 


2024-10-22 15:46:44,357 [INFO] Activator:177 - !SESSION log4j initialized
2024-10-22 15:46:53,187 [ERROR] LogOutputStream:75 - [STDERR_REDIRECT] 
2024-10-22 15:46:54,354 [INFO] LogOutputStream:77 - [STDOUT_REDIRECT] 
2024-10-22 15:46:56,670 [INFO] LogOutputStream:77 - [STDOUT_REDIRECT] 
2024-10-22 15:46:58,702 [INFO] ApplicationProperties:184 - Using Application install path: /Applications/STM32CubeIDE.app/Contents/Eclipse/plugins/com.st.stm32cube.common.mx_6.9.2.202309101412
2024-10-22 15:46:58,719 [INFO] DbMcusXml:78 - Set database path to: /Applications/STM32CubeIDE.app/Contents/Eclipse/plugins/com.st.stm32cube.common.mx_6.9.2.202309101412//db//mcu/
2024-10-22 15:46:58,719 [INFO] ApiDb:274 - Set plugin database path to: /Applications/STM32CubeIDE.app/Contents/Eclipse/plugins/com.st.stm32cube.common.mx_6.9.2.202309101412//db//plugins/boardmanager/
2024-10-22 15:46:58,720 [WARN] ApiDb:259 - Overriding images path with different value:  => /Applications/STM32CubeIDE.app/Contents/Eclipse/plugins/com.st.stm32cube.common.mx_6.9.2.202309101412//db//plugins/mcufinder/images/
2024-10-22 15:46:58,742 [INFO] ApiDb:250 - Set database path to: /Users/topsecret/.stmcufinder/plugins/mcufinder//mcu/
2024-10-22 15:46:58,744 [INFO] DbMcusAds:125 - Set database path to: /Users/topsecret/.stmcufinder/plugins/mcufinder//mcu/
2024-10-22 15:46:58,746 [INFO] CrossReferenceDbSqlite:203 - Set database path to: /Users/topsecret/.stmcufinder/plugins/mcufinder//mcu/cs/
2024-10-22 15:46:58,941 [INFO] RulesReader:64 - Compatibility file has been processed (293 Rules)
2024-10-22 15:46:59,026 [INFO] DbMcusXml:78 - Set database path to: /Applications/STM32CubeIDE.app/Contents/Eclipse/plugins/com.st.stm32cube.common.mx_6.9.2.202309101412//db//mcu/
2024-10-22 15:46:59,026 [INFO] ApiDb:274 - Set plugin database path to: /Applications/STM32CubeIDE.app/Contents/Eclipse/plugins/com.st.stm32cube.common.mx_6.9.2.202309101412//db//plugins/boardmanager/
2024-10-22 15:46:59,027 [INFO] ApiDb:261 - Set plugin images path to: /Applications/STM32CubeIDE.app/Contents/Eclipse/plugins/com.st.stm32cube.common.mx_6.9.2.202309101412//db//plugins/mcufinder/images/
2024-10-22 15:46:59,027 [WARN] DbFile:41 - Overriding database path with different value: /Users/topsecret/.stmcufinder/plugins/mcufinder/ => /Users/topsecret/.stmcufinder/plugins/mcufinder
2024-10-22 15:46:59,027 [INFO] ApiDb:250 - Set database path to: /Users/topsecret/.stmcufinder/plugins/mcufinder//mcu/
2024-10-22 15:46:59,027 [WARN] DbFile:41 - Overriding database path with different value: /Users/topsecret/.stmcufinder/plugins/mcufinder/ => /Users/topsecret/.stmcufinder/plugins/mcufinder
2024-10-22 15:46:59,027 [INFO] DbMcusAds:125 - Set database path to: /Users/topsecret/.stmcufinder/plugins/mcufinder//mcu/
2024-10-22 15:46:59,027 [WARN] DbFile:41 - Overriding database path with different value: /Users/topsecret/.stmcufinder/plugins/mcufinder/ => /Users/topsecret/.stmcufinder/plugins/mcufinder
2024-10-22 15:46:59,028 [WARN] DbFile:41 - Overriding database path with different value: /Users/topsecret/.stmcufinder/plugins/mcufinder/ => /Users/topsecret/.stmcufinder/plugins/mcufinder
2024-10-22 15:46:59,028 [INFO] CrossReferenceDbSqlite:203 - Set database path to: /Users/topsecret/.stmcufinder/plugins/mcufinder//mcu/cs/
2024-10-22 15:46:59,139 [INFO] MainPanel:262 - HeapMemory: 268435456
2024-10-22 15:46:59,265 [INFO] DbMcusXml:78 - Set database path to: /Applications/STM32CubeIDE.app/Contents/Eclipse/plugins/com.st.stm32cube.common.mx_6.9.2.202309101412//db//mcu/
2024-10-22 15:46:59,265 [INFO] ApiDb:274 - Set plugin database path to: /Applications/STM32CubeIDE.app/Contents/Eclipse/plugins/com.st.stm32cube.common.mx_6.9.2.202309101412//db//plugins/boardmanager/
2024-10-22 15:46:59,266 [INFO] ApiDb:261 - Set plugin images path to: /Applications/STM32CubeIDE.app/Contents/Eclipse/plugins/com.st.stm32cube.common.mx_6.9.2.202309101412//db//plugins/mcufinder/images/
2024-10-22 15:46:59,266 [WARN] DbFile:41 - Overriding database path with different value: /Users/topsecret/.stmcufinder/plugins/mcufinder/ => /Users/topsecret/.stmcufinder/plugins/mcufinder
2024-10-22 15:46:59,266 [INFO] ApiDb:250 - Set database path to: /Users/topsecret/.stmcufinder/plugins/mcufinder//mcu/
2024-10-22 15:46:59,266 [WARN] DbFile:41 - Overriding database path with different value: /Users/topsecret/.stmcufinder/plugins/mcufinder/ => /Users/topsecret/.stmcufinder/plugins/mcufinder
2024-10-22 15:46:59,267 [INFO] DbMcusAds:125 - Set database path to: /Users/topsecret/.stmcufinder/plugins/mcufinder//mcu/
2024-10-22 15:46:59,267 [WARN] DbFile:41 - Overriding database path with different value: /Users/topsecret/.stmcufinder/plugins/mcufinder/ => /Users/topsecret/.stmcufinder/plugins/mcufinder
2024-10-22 15:46:59,267 [WARN] DbFile:41 - Overriding database path with different value: /Users/topsecret/.stmcufinder/plugins/mcufinder/ => /Users/topsecret/.stmcufinder/plugins/mcufinder
2024-10-22 15:46:59,267 [INFO] CrossReferenceDbSqlite:203 - Set database path to: /Users/topsecret/.stmcufinder/plugins/mcufinder//mcu/cs/
2024-10-22 15:46:59,287 [INFO] ApplicationProperties:184 - Using Application install path: /Applications/STM32CubeIDE.app/Contents/Eclipse/plugins/com.st.stm32cube.common.mx_6.9.2.202309101412
2024-10-22 15:46:59,289 [INFO] PluginManage:196 - Search for loadable plugins [exclusion list=, ]
2024-10-22 15:46:59,291 [INFO] PluginManage:310 - Check plugin analytics
2024-10-22 15:46:59,699 [INFO] AnalyticsPlugin:253 - Accepted Software Licenses: 
2024-10-22 15:46:59,699 [INFO] AnalyticsPlugin:255 - Accepted CMSIS Pack Licenses: 
2024-10-22 15:46:59,700 [INFO] AnalyticsPlugin:257 - Accepted Firmware Licenses: 
2024-10-22 15:46:59,715 [INFO] PluginManage:359 - Loaded plugin analytics (category:tool,tabindex:-1)
2024-10-22 15:46:59,717 [INFO] PluginManage:310 - Check plugin cadmodel
2024-10-22 15:47:00,199 [INFO] CADModel:105 - Init CAD model plugin
2024-10-22 15:47:00,200 [INFO] PluginManage:359 - Loaded plugin cadmodel (category:power,tabindex:5)
2024-10-22 15:47:00,200 [INFO] PluginManage:310 - Check plugin clock
2024-10-22 15:47:00,217 [INFO] PluginManage:359 - Loaded plugin clock (category:base,tabindex:2)
2024-10-22 15:47:00,217 [INFO] PluginManage:310 - Check plugin ddr
2024-10-22 15:47:00,219 [INFO] PluginManage:359 - Loaded plugin ddr (category:tool,tabindex:6)
2024-10-22 15:47:00,220 [INFO] PluginManage:310 - Check plugin filemanager
2024-10-22 15:47:00,406 [INFO] PluginManage:359 - Loaded plugin filemanager (category:base,tabindex:10)
2024-10-22 15:47:00,407 [INFO] PluginManage:310 - Check plugin ipmanager
2024-10-22 15:47:00,416 [INFO] PluginManage:359 - Loaded plugin ipmanager (category:base,tabindex:5)
2024-10-22 15:47:00,417 [INFO] PluginManage:310 - Check plugin lpbam
2024-10-22 15:47:00,429 [INFO] PluginManage:359 - Loaded plugin lpbam (category:base,tabindex:0)
2024-10-22 15:47:00,429 [INFO] PluginManage:310 - Check plugin memorymap
2024-10-22 15:47:00,441 [INFO] PluginManage:359 - Loaded plugin memorymap (category:base,tabindex:4)
2024-10-22 15:47:00,441 [INFO] PluginManage:310 - Check plugin pinoutandconfiguration
2024-10-22 15:47:00,448 [INFO] PluginManage:359 - Loaded plugin pinoutandconfiguration (category:base,tabindex:1)
2024-10-22 15:47:00,448 [INFO] PluginManage:310 - Check plugin pinoutconfig
2024-10-22 15:47:00,584 [WARN] SupportedApi:132 - Cannot load RTOS API schema: s4s-elt-must-match.1: The content of 'definitions' must match (annotation?, (simpleType | complexType)?, (unique | key | keyref)*)). A problem was found starting at: attribute.
2024-10-22 15:47:00,797 [INFO] PluginManage:359 - Loaded plugin pinoutconfig (category:base,tabindex:0)
2024-10-22 15:47:00,798 [INFO] PluginManage:310 - Check plugin power
2024-10-22 15:47:00,812 [INFO] PluginManage:359 - Loaded plugin power (category:power,tabindex:4)
2024-10-22 15:47:00,813 [INFO] PluginManage:310 - Check plugin projectmanager
2024-10-22 15:47:00,858 [INFO] PluginManage:359 - Loaded plugin projectmanager (category:projectmanager,tabindex:3)
2024-10-22 15:47:00,858 [INFO] PluginManage:310 - Check plugin thirdparty
2024-10-22 15:47:01,081 [INFO] PluginManage:359 - Loaded plugin thirdparty (category:base,tabindex:-1)
2024-10-22 15:47:01,081 [INFO] PluginManage:310 - Check plugin tools
2024-10-22 15:47:01,081 [WARN] IntegrityCheckThread:84 - waiting for thirdparty lock release [integrity check]
2024-10-22 15:47:01,082 [INFO] IntegrityCheckThread:86 - entering critical section [integrity check]
2024-10-22 15:47:01,082 [INFO] ThirdPartyUpdaterWithRetryManager:70 - Updater plugin not ready yet. [1/15]
2024-10-22 15:47:01,084 [INFO] PluginManage:359 - Loaded plugin tools (category:base,tabindex:7)
2024-10-22 15:47:01,084 [INFO] PluginManage:310 - Check plugin tutovideos
2024-10-22 15:47:01,297 [INFO] PluginManage:359 - Loaded plugin tutovideos (category:base,tabindex:-1)
2024-10-22 15:47:01,297 [INFO] PluginManage:310 - Check plugin updater
2024-10-22 15:47:01,312 [INFO] PluginManage:359 - Loaded plugin updater (category:base,tabindex:12)
2024-10-22 15:47:01,312 [INFO] PluginManage:310 - Check plugin userauth
2024-10-22 15:47:01,319 [INFO] UserAuth:113 - Init User Auth plugin
2024-10-22 15:47:01,319 [INFO] PluginManage:359 - Loaded plugin userauth (category:base,tabindex:14)
2024-10-22 15:47:01,319 [INFO] PluginManage:283 - PluginManage : Loaded plugins [17]
2024-10-22 15:47:01,663 [INFO] PinOutPanel:1499 - setPackage(No Configuration,No Configuration)
2024-10-22 15:47:01,800 [INFO] CADModel:165 - CPN selected for project level
2024-10-22 15:47:01,800 [INFO] CADModel:114 - Register for checkConnection events
2024-10-22 15:47:01,815 [INFO] IPUIPlugin:80 - create IPUIPlugin
2024-10-22 15:47:01,815 [INFO] PluginManager:220 - loadIPPluginJar : add mdma
2024-10-22 15:47:01,822 [INFO] IPUIPlugin:80 - create IPUIPlugin
2024-10-22 15:47:01,822 [INFO] PluginManager:220 - loadIPPluginJar : add freertos
2024-10-22 15:47:01,826 [INFO] IPUIPlugin:80 - create IPUIPlugin
2024-10-22 15:47:01,826 [INFO] PluginManager:220 - loadIPPluginJar : add gic
2024-10-22 15:47:01,835 [INFO] IPUIPlugin:80 - create IPUIPlugin
2024-10-22 15:47:01,835 [INFO] PluginManager:220 - loadIPPluginJar : add adc
2024-10-22 15:47:01,838 [INFO] IPUIPlugin:80 - create IPUIPlugin
2024-10-22 15:47:01,838 [INFO] PluginManager:220 - loadIPPluginJar : add gtzc
2024-10-22 15:47:01,839 [INFO] IPUIPlugin:80 - create IPUIPlugin
2024-10-22 15:47:01,839 [INFO] PluginManager:220 - loadIPPluginJar : add quadspi
2024-10-22 15:47:01,841 [INFO] IPUIPlugin:80 - create IPUIPlugin
2024-10-22 15:47:01,841 [INFO] PluginManager:220 - loadIPPluginJar : add aes
2024-10-22 15:47:01,843 [INFO] IPUIPlugin:80 - create IPUIPlugin
2024-10-22 15:47:01,843 [INFO] PluginManager:220 - loadIPPluginJar : add pdm2pcm
2024-10-22 15:47:01,846 [INFO] IPUIPlugin:80 - create IPUIPlugin
2024-10-22 15:47:01,846 [INFO] PluginManager:220 - loadIPPluginJar : add hash
2024-10-22 15:47:01,848 [INFO] IPUIPlugin:80 - create IPUIPlugin
2024-10-22 15:47:01,848 [INFO] PluginManager:220 - loadIPPluginJar : add tim
2024-10-22 15:47:01,850 [INFO] IPUIPlugin:80 - create IPUIPlugin
2024-10-22 15:47:01,850 [INFO] PluginManager:220 - loadIPPluginJar : add tsc
2024-10-22 15:47:01,851 [INFO] IPUIPlugin:80 - create IPUIPlugin
2024-10-22 15:47:01,851 [INFO] PluginManager:220 - loadIPPluginJar : add ts
2024-10-22 15:47:01,854 [INFO] IPUIPlugin:80 - create IPUIPlugin
2024-10-22 15:47:01,854 [INFO] PluginManager:220 - loadIPPluginJar : add can
2024-10-22 15:47:01,858 [INFO] IPUIPlugin:80 - create IPUIPlugin
2024-10-22 15:47:01,858 [INFO] PluginManager:220 - loadIPPluginJar : add dma3
2024-10-22 15:47:01,861 [INFO] IPUIPlugin:80 - create IPUIPlugin
2024-10-22 15:47:01,861 [INFO] PluginManager:220 - loadIPPluginJar : add dfsdm
2024-10-22 15:47:01,863 [INFO] IPUIPlugin:80 - create IPUIPlugin
2024-10-22 15:47:01,863 [INFO] PluginManager:220 - loadIPPluginJar : add spi
2024-10-22 15:47:01,864 [INFO] IPUIPlugin:80 - create IPUIPlugin
2024-10-22 15:47:01,864 [INFO] PluginManager:220 - loadIPPluginJar : add gfxmmu
2024-10-22 15:47:01,865 [INFO] IPUIPlugin:80 - create IPUIPlugin
2024-10-22 15:47:01,866 [INFO] PluginManager:220 - loadIPPluginJar : add genericplugin
2024-10-22 15:47:01,867 [INFO] IPUIPlugin:80 - create IPUIPlugin
2024-10-22 15:47:01,867 [INFO] PluginManager:220 - loadIPPluginJar : add cryp
2024-10-22 15:47:01,870 [INFO] IPUIPlugin:80 - create IPUIPlugin
2024-10-22 15:47:01,870 [INFO] PluginManager:220 - loadIPPluginJar : add gpio
2024-10-22 15:47:01,871 [INFO] IPUIPlugin:80 - create IPUIPlugin
2024-10-22 15:47:01,872 [INFO] PluginManager:220 - loadIPPluginJar : add comp
2024-10-22 15:47:01,874 [INFO] IPUIPlugin:80 - create IPUIPlugin
2024-10-22 15:47:01,874 [INFO] PluginManager:220 - loadIPPluginJar : add tracer_emb
2024-10-22 15:47:01,877 [INFO] IPUIPlugin:80 - create IPUIPlugin
2024-10-22 15:47:01,877 [INFO] PluginManager:220 - loadIPPluginJar : add openamp
2024-10-22 15:47:01,881 [INFO] IPUIPlugin:80 - create IPUIPlugin
2024-10-22 15:47:01,881 [INFO] PluginManager:220 - loadIPPluginJar : add stm32_wpan
2024-10-22 15:47:01,889 [INFO] IPUIPlugin:80 - create IPUIPlugin
2024-10-22 15:47:01,892 [INFO] PluginManager:220 - loadIPPluginJar : add plateformsettings
2024-10-22 15:47:01,896 [INFO] IPUIPlugin:80 - create IPUIPlugin
2024-10-22 15:47:01,897 [INFO] PluginManager:220 - loadIPPluginJar : add ipddr
2024-10-22 15:47:01,900 [INFO] IPUIPlugin:80 - create IPUIPlugin
2024-10-22 15:47:01,900 [INFO] PluginManager:220 - loadIPPluginJar : add usart
2024-10-22 15:47:01,902 [INFO] IPUIPlugin:80 - create IPUIPlugin
2024-10-22 15:47:01,902 [INFO] PluginManager:220 - loadIPPluginJar : add ltdc
2024-10-22 15:47:01,907 [INFO] IPUIPlugin:80 - create IPUIPlugin
2024-10-22 15:47:01,907 [INFO] PluginManager:220 - loadIPPluginJar : add nvic
2024-10-22 15:47:01,908 [INFO] IPUIPlugin:80 - create IPUIPlugin
2024-10-22 15:47:01,908 [INFO] PluginManager:220 - loadIPPluginJar : add fatfs
2024-10-22 15:47:01,918 [INFO] IPUIPlugin:80 - create IPUIPlugin
2024-10-22 15:47:01,918 [INFO] PluginManager:220 - loadIPPluginJar : add linkedlist
2024-10-22 15:47:01,929 [INFO] IPUIPlugin:80 - create IPUIPlugin
2024-10-22 15:47:01,929 [INFO] PluginManager:220 - loadIPPluginJar : add dma
2024-10-22 15:47:01,938 [INFO] IPUIPlugin:80 - create IPUIPlugin
2024-10-22 15:47:01,939 [INFO] PluginManager:220 - loadIPPluginJar : add fmc
2024-10-22 15:47:01,944 [INFO] IPUIPlugin:80 - create IPUIPlugin
2024-10-22 15:47:01,944 [INFO] PluginManager:220 - loadIPPluginJar : add i2s
2024-10-22 15:47:01,946 [INFO] IPUIPlugin:80 - create IPUIPlugin
2024-10-22 15:47:01,946 [INFO] PluginManager:220 - loadIPPluginJar : add ucpd
2024-10-22 15:47:01,950 [INFO] IPUIPlugin:80 - create IPUIPlugin
2024-10-22 15:47:01,950 [INFO] PluginManager:220 - loadIPPluginJar : add lorawan
2024-10-22 15:47:01,954 [INFO] IPUIPlugin:80 - create IPUIPlugin
2024-10-22 15:47:01,955 [INFO] PluginManager:220 - loadIPPluginJar : add opamp
2024-10-22 15:47:01,960 [INFO] IPUIPlugin:80 - create IPUIPlugin
2024-10-22 15:47:01,960 [INFO] PluginManager:220 - loadIPPluginJar : add i3c
2024-10-22 15:47:01,964 [INFO] IPUIPlugin:80 - create IPUIPlugin
2024-10-22 15:47:01,964 [INFO] PluginManager:220 - loadIPPluginJar : add touchsensing
2024-10-22 15:47:01,969 [INFO] IPUIPlugin:80 - create IPUIPlugin
2024-10-22 15:47:01,970 [INFO] PluginManager:220 - loadIPPluginJar : add i2c
2024-10-22 15:47:01,976 [INFO] IPUIPlugin:80 - create IPUIPlugin
2024-10-22 15:47:01,976 [INFO] PluginManager:220 - loadIPPluginJar : add resmgrutility
2024-10-22 15:47:01,982 [INFO] IPUIPlugin:80 - create IPUIPlugin
2024-10-22 15:47:01,982 [INFO] PluginManager:220 - loadIPPluginJar : add sai
2024-10-22 15:47:01,988 [INFO] IPUIPlugin:80 - create IPUIPlugin
2024-10-22 15:47:01,988 [INFO] PluginManager:220 - loadIPPluginJar : add usbx
2024-10-22 15:47:02,188 [INFO] CADModel:165 - CPN selected for project level
2024-10-22 15:47:02,199 [INFO] CADModel:114 - Register for checkConnection events
2024-10-22 15:47:02,200 [FATAL] Updater:308 - Updater called before beeing initialized
2024-10-22 15:47:02,200 [ERROR] CADModel:125 - Updater not yet initialized, retry later 
2024-10-22 15:47:02,587 [INFO] CADModel:165 - CPN selected for project level
2024-10-22 15:47:02,588 [INFO] CADModel:114 - Register for checkConnection events
2024-10-22 15:47:02,588 [FATAL] Updater:308 - Updater called before beeing initialized
2024-10-22 15:47:02,588 [ERROR] CADModel:125 - Updater not yet initialized, retry later 
2024-10-22 15:47:02,591 [FATAL] Updater:308 - Updater called before beeing initialized
2024-10-22 15:47:02,930 [FATAL] Updater:308 - Updater called before beeing initialized
2024-10-22 15:47:02,959 [INFO] DbMcusAds:53 - JSON generation date=Fri Sep 20 15:04:23 CEST 2024 (1726837463100)
2024-10-22 15:47:02,960 [FATAL] Updater:308 - Updater called before beeing initialized
2024-10-22 15:47:03,059 [WARN] DetailPanel:346 - Failed to get advertising image, set to default
2024-10-22 15:47:03,208 [FATAL] Updater:308 - Updater called before beeing initialized
2024-10-22 15:47:03,219 [FATAL] Updater:308 - Updater called before beeing initialized
2024-10-22 15:47:03,220 [FATAL] Updater:308 - Updater called before beeing initialized
2024-10-22 15:47:03,221 [WARN] DetailPanel:346 - Failed to get advertising image, set to default
2024-10-22 15:47:03,231 [FATAL] Updater:308 - Updater called before beeing initialized
2024-10-22 15:47:03,457 [ERROR] Updater:1120 - MainUpdater not yet initialized. External WinMGr cannot be set.
2024-10-22 15:47:03,519 [INFO] Updater:1056 - Updater Version found : 6.9.2
2024-10-22 15:47:03,539 [INFO] ApplicationProperties:184 - Using Application install path: /Applications/STM32CubeIDE.app/Contents/Eclipse/plugins/com.st.stm32cube.common.mx_6.9.2.202309101412
2024-10-22 15:47:03,894 [INFO] MainUpdater:2868 - connection check result : 10
2024-10-22 15:47:03,895 [INFO] MainUpdater:3562 - Updater definition file requires update
2024-10-22 15:47:03,896 [INFO] MainUpdater:285 - Updater Check For Update Now.
2024-10-22 15:47:03,897 [INFO] MicroXplorer:498 - Change Database Version : DB.6.0.92
2024-10-22 15:47:03,905 [INFO] McuFinderGlobals:63 - Set McuFinder mode to 2 (CubeIDE integrated)
2024-10-22 15:47:03,905 [INFO] UserAuth:179 - activating auth plugin
2024-10-22 15:47:03,912 [INFO] UserAuth:393 - Internet connection configuration mode: 1
2024-10-22 15:47:03,926 [INFO] JxBrowserEngine:151 - Initiate JxBrowser Engine with user profile folder
2024-10-22 15:47:03,933 [INFO] ServerAccessManage:473 - Download File updaters.zip
2024-10-22 15:47:04,069 [INFO] FileExtend:240 - Unzip File : updaters.zip
2024-10-22 15:47:04,069 [INFO] FileExtend:255 - Standard Zip Deflate
2024-10-22 15:47:04,097 [WARN] MainUpdater:1189 - Updater busy. Cannot search thirdparties
2024-10-22 15:47:04,100 [INFO] ThirdPartyUpdaterWithRetryManager:96 - Updater plugin is busy. [1/15]
2024-10-22 15:47:04,357 [INFO] ServerAccessManage:473 - Download File PacksControlFlags.xml
2024-10-22 15:47:04,502 [INFO] ServerAccessManage:473 - Download File cubemx.pidx
2024-10-22 15:47:04,756 [INFO] LoadServerUpdatesThread:373 - End of LoadServerUpdate Thread
2024-10-22 15:47:05,026 [INFO] CheckServerUpdateThread:120 - End of CheckServer Thread
2024-10-22 15:47:07,339 [WARN] PackLoader:240 - Cannot read IP mode file for STMicroelectronics.FP-SNS-MOTENVWB1.1.4.0
2024-10-22 15:47:07,374 [WARN] PackLoader:240 - Cannot read IP mode file for STMicroelectronics.X-CUBE-SMBUS.2.1.0
2024-10-22 15:47:07,414 [WARN] PackLoader:240 - Cannot read IP mode file for STMicroelectronics.X-CUBE-WB05N.1.1.0
2024-10-22 15:47:07,491 [WARN] PackLoader:240 - Cannot read IP mode file for STMicroelectronics.X-CUBE-AZRTOS-F7.1.1.0
2024-10-22 15:47:07,809 [WARN] PackLoader:240 - Cannot read IP mode file for STMicroelectronics.X-CUBE-MEMS1.11.0.0
2024-10-22 15:47:08,155 [WARN] PackLoader:240 - Cannot read IP mode file for STMicroelectronics.FP-SNS-FLIGHT1.5.0.2
2024-10-22 15:47:08,224 [WARN] PackLoader:240 - Cannot read IP mode file for STMicroelectronics.X-CUBE-DISPLAY.3.0.0
2024-10-22 15:47:08,396 [WARN] PackLoader:240 - Cannot read IP mode file for STMicroelectronics.X-CUBE-BLE1.7.0.0
2024-10-22 15:47:08,616 [WARN] PackLoader:240 - Cannot read IP mode file for STMicroelectronics.X-CUBE-NFC10.1.0.0
2024-10-22 15:47:08,701 [WARN] PackLoader:240 - Cannot read IP mode file for emotas.I-CUBE-CANOPEN.1.3.0
2024-10-22 15:47:08,837 [WARN] PackLoader:240 - Cannot read IP mode file for STMicroelectronics.X-CUBE-BLEMGR.3.1.0
2024-10-22 15:47:08,915 [WARN] PackLoader:240 - Cannot read IP mode file for STMicroelectronics.FP-SNS-SMARTAG2.1.2.0
2024-10-22 15:47:08,968 [INFO] LogOutputStream:77 - [STDOUT_REDIRECT] 1 : Invalid condition id : UX_CORESTACK_Condition cause : null
2024-10-22 15:47:08,975 [INFO] LogOutputStream:77 - [STDOUT_REDIRECT] 1 : Invalid condition id : UX_CORESTACK_Condition cause : null
2024-10-22 15:47:08,976 [INFO] LogOutputStream:77 - [STDOUT_REDIRECT] 1 : Invalid condition id : UX_CORESTACK_Condition cause : null
2024-10-22 15:47:08,977 [INFO] LogOutputStream:77 - [STDOUT_REDIRECT] 1 : Invalid condition id : UX_CORESTACK_Condition cause : null
2024-10-22 15:47:08,977 [INFO] LogOutputStream:77 - [STDOUT_REDIRECT] 1 : Invalid condition id : UX_CORESTACK_Condition cause : null
2024-10-22 15:47:08,999 [WARN] PackLoader:240 - Cannot read IP mode file for STMicroelectronics.X-CUBE-AZRTOS-WL.2.0.0
2024-10-22 15:47:09,108 [WARN] PackLoader:240 - Cannot read IP mode file for STMicroelectronics.FP-SNS-MOTENV1.5.0.0
2024-10-22 15:47:09,146 [WARN] PackLoader:240 - Cannot read IP mode file for wolfSSL.I-CUBE-wolfMQTT.1.19.0
2024-10-22 15:47:09,176 [WARN] PackLoader:240 - Cannot read IP mode file for WES.I-CUBE-Cesium.1.3.0
2024-10-22 15:47:09,187 [WARN] PackLoader:240 - Cannot read IP mode file for STMicroelectronics.X-CUBE-BLE2.3.3.0
2024-10-22 15:47:09,210 [WARN] PackLoader:240 - Cannot read IP mode file for STMicroelectronics.X-CUBE-NFC9.1.0.0
2024-10-22 15:47:09,242 [WARN] PackLoader:240 - Cannot read IP mode file for STMicroelectronics.X-CUBE-TCPP.4.1.0
2024-10-22 15:47:09,302 [WARN] PackLoader:240 - Cannot read IP mode file for STMicroelectronics.X-CUBE-AZRTOS-G0.1.1.0
2024-10-22 15:47:09,331 [WARN] PackLoader:240 - Cannot read IP mode file for STMicroelectronics.X-CUBE-SAFEA1.1.2.2
2024-10-22 15:47:09,362 [WARN] PackLoader:240 - Cannot read IP mode file for STMicroelectronics.X-CUBE-NFC4.3.0.0
2024-10-22 15:47:09,385 [ERROR] Engine:466 - /Users/topsecret/.stm32cubemx/thirdparties/pdsc/EmbeddedOffice.I-CUBE-FS-RTOS.1.0.1.pdsc: PDSC version is not supported
2024-10-22 15:47:09,397 [ERROR] Engine:466 - /Users/topsecret/.stm32cubemx/thirdparties/pdsc/RealThread.X-CUBE-RT-Thread_Nano.4.1.1.pdsc: PDSC version is not supported
2024-10-22 15:47:09,407 [WARN] PackLoader:240 - Cannot read IP mode file for STMicroelectronics.FP-ATR-SIGFOX1.3.2.0
2024-10-22 15:47:09,422 [WARN] PackLoader:240 - Cannot read IP mode file for wolfSSL.I-CUBE-wolfSSL.5.7.2
2024-10-22 15:47:09,436 [WARN] PackLoader:240 - Cannot read IP mode file for STMicroelectronics.X-CUBE-EEPRMA1.5.1.0
2024-10-22 15:47:09,449 [WARN] PackLoader:240 - Cannot read IP mode file for ITTIA_DB.I-CUBE-ITTIADB.8.9.0
2024-10-22 15:47:09,456 [INFO] WebApp:157 - Instantiating new browser for Auth
2024-10-22 15:47:09,594 [WARN] PackLoader:240 - Cannot read IP mode file for SEGGER.I-CUBE-embOS.1.3.1
2024-10-22 15:47:09,718 [WARN] PackLoader:240 - Cannot read IP mode file for STMicroelectronics.X-CUBE-ALGOBUILD.1.4.0
2024-10-22 15:47:09,732 [WARN] PackLoader:240 - Cannot read IP mode file for STMicroelectronics.X-CUBE-AI.9.1.0
2024-10-22 15:47:09,745 [WARN] PackLoader:240 - Cannot read IP mode file for STMicroelectronics.X-CUBE-GNSS1.6.0.0
2024-10-22 15:47:09,791 [WARN] PackLoader:240 - Cannot read IP mode file for STMicroelectronics.X-CUBE-AZRTOS-F4.1.1.0
2024-10-22 15:47:09,809 [WARN] PackLoader:240 - Cannot read IP mode file for STMicroelectronics.X-CUBE-ISPU.2.1.0
2024-10-22 15:47:09,826 [WARN] PackLoader:240 - Cannot read IP mode file for STMicroelectronics.X-CUBE-FREERTOS.1.2.0
2024-10-22 15:47:09,872 [WARN] PackLoader:240 - Cannot read IP mode file for STMicroelectronics.X-CUBE-AZRTOS-L5.2.0.0
2024-10-22 15:47:09,909 [WARN] PackLoader:240 - Cannot read IP mode file for STMicroelectronics.X-CUBE-NFC6.3.1.0
2024-10-22 15:47:09,940 [ERROR] Engine:466 - /Users/topsecret/.stm32cubemx/thirdparties/pdsc/STMicroelectronics.X-CUBE-DPower.1.2.0.pdsc: PDSC version is not supported
2024-10-22 15:47:09,954 [WARN] PackLoader:240 - Cannot read IP mode file for STMicroelectronics.X-CUBE-AI.9.0.0
2024-10-22 15:47:09,975 [WARN] PackLoader:240 - Cannot read IP mode file for STMicroelectronics.X-CUBE-NFC7.1.0.1
2024-10-22 15:47:10,057 [WARN] ConditionMgr:438 - getConditionDescription Invalid condition id : LAN8742 Phy interface Condition cause : null
2024-10-22 15:47:10,061 [WARN] PackLoader:240 - Cannot read IP mode file for STMicroelectronics.X-CUBE-AZRTOS-L4.2.0.0
2024-10-22 15:47:10,073 [WARN] ConditionMgr:1039 - genDependencies : Invalid condition id : LAN8742 Phy interface Condition cause : null
2024-10-22 15:47:10,075 [WARN] ConditionMgr:1039 - genDependencies : Invalid condition id : LAN8742 Phy interface Condition cause : null
2024-10-22 15:47:10,078 [WARN] ConditionMgr:1039 - genDependencies : Invalid condition id : LAN8742 Phy interface Condition cause : null
2024-10-22 15:47:10,108 [WARN] PackLoader:240 - Cannot read IP mode file for STMicroelectronics.X-CUBE-SFXS2LP1.4.0.0
2024-10-22 15:47:10,181 [WARN] PackLoader:240 - Cannot read IP mode file for STMicroelectronics.X-CUBE-AZRTOS-H7.3.3.0
2024-10-22 15:47:10,205 [ERROR] Engine:466 - /Users/topsecret/.stm32cubemx/thirdparties/pdsc/STMicroelectronics.X-CUBE-IPS.3.0.0.pdsc: PDSC version is not supported
2024-10-22 15:47:10,231 [WARN] ConditionMgr:438 - getConditionDescription Invalid condition id : UX DEVICE CLASS RTOS Condition cause : null
2024-10-22 15:47:10,232 [WARN] ConditionMgr:438 - getConditionDescription Invalid condition id : UX DEVICE CLASS RTOS Condition cause : null
2024-10-22 15:47:10,241 [WARN] PackLoader:240 - Cannot read IP mode file for STMicroelectronics.X-CUBE-AZRTOS-WB.2.0.0
2024-10-22 15:47:10,248 [WARN] ConditionMgr:1039 - genDependencies : Invalid condition id : UX DEVICE CLASS RTOS Condition cause : null
2024-10-22 15:47:10,248 [WARN] ConditionMgr:1039 - genDependencies : Invalid condition id : UX DEVICE CLASS RTOS Condition cause : null
2024-10-22 15:47:10,250 [WARN] ConditionMgr:1039 - genDependencies : Invalid condition id : UX DEVICE CLASS RTOS Condition cause : null
2024-10-22 15:47:10,251 [WARN] ConditionMgr:1039 - genDependencies : Invalid condition id : UX DEVICE CLASS RTOS Condition cause : null
2024-10-22 15:47:10,254 [WARN] ConditionMgr:1039 - genDependencies : Invalid condition id : UX DEVICE CLASS RTOS Condition cause : null
2024-10-22 15:47:10,272 [WARN] PackLoader:240 - Cannot read IP mode file for STMicroelectronics.X-CUBE-GNSS1.7.0.0
2024-10-22 15:47:10,280 [ERROR] Engine:466 - /Users/topsecret/.stm32cubemx/thirdparties/pdsc/STMicroelectronics.FP-SNS-STBOX1.2.0.0.pdsc: PDSC version is not supported
2024-10-22 15:47:10,309 [WARN] PackLoader:240 - Cannot read IP mode file for STMicroelectronics.X-CUBE-SUBG2.5.0.0
2024-10-22 15:47:10,336 [WARN] PackLoader:240 - Cannot read IP mode file for Cesanta.I-CUBE-Mongoose.7.13.0
2024-10-22 15:47:10,391 [WARN] PackLoader:240 - Cannot read IP mode file for STMicroelectronics.X-CUBE-AZRTOS-G4.2.0.0
2024-10-22 15:47:10,408 [WARN] PackLoader:240 - Cannot read IP mode file for STMicroelectronics.X-CUBE-ISPU.2.0.0
2024-10-22 15:47:10,426 [WARN] PackLoader:240 - Cannot read IP mode file for STMicroelectronics.X-CUBE-ALS.1.0.2
2024-10-22 15:47:10,447 [WARN] PackLoader:240 - Cannot read IP mode file for STMicroelectronics.X-CUBE-TOUCHGFX.4.24.0
2024-10-22 15:47:10,453 [WARN] PackLoader:240 - Cannot read IP mode file for STMicroelectronics.X-CUBE-TOUCHGFX.4.24.1
2024-10-22 15:47:10,461 [WARN] PackLoader:240 - Cannot read IP mode file for wolfSSL.I-CUBE-wolfTPM.3.4.0
2024-10-22 15:47:10,473 [WARN] PackLoader:240 - Cannot read IP mode file for portGmbH.I-Cube-SoM-uGOAL.1.1.0
2024-10-22 15:47:10,519 [WARN] PackLoader:240 - Cannot read IP mode file for STMicroelectronics.X-CUBE-AZRTOS-H7RS.1.0.0
2024-10-22 15:47:10,541 [WARN] PackLoader:240 - Cannot read IP mode file for STMicroelectronics.FP-ATR-ASTRA1.2.0.0
2024-10-22 15:47:10,549 [ERROR] Engine:466 - /Users/topsecret/.stm32cubemx/thirdparties/pdsc/STMicroelectronics.X-CUBE-TOF1.3.4.2.pdsc: PDSC version is not supported
2024-10-22 15:47:10,556 [ERROR] Engine:466 - /Users/topsecret/.stm32cubemx/thirdparties/pdsc/Infineon.AIROC-Wi-Fi-Bluetooth-STM32.1.6.1.pdsc: PDSC version is not supported
2024-10-22 15:47:10,561 [WARN] PackLoader:240 - Cannot read IP mode file for wolfSSL.I-CUBE-wolfSSH.1.4.17
2024-10-22 15:47:10,564 [INFO] ThirdParty:978 - Integrity check success = true
2024-10-22 15:47:10,564 [INFO] IntegrityCheckThread:100 - exiting critical section [integrity check]
2024-10-22 15:47:10,564 [INFO] IntegrityCheckThread:103 - End integrity checks thread
2024-10-22 15:47:11,331 [INFO] WebApp:753 - Register for checkConnection events
2024-10-22 15:47:11,332 [INFO] WebApp:390 - Apply proxy settings
2024-10-22 15:47:11,345 [INFO] WebApp:455 - Chromium authenticates against System proxy
2024-10-22 15:47:11,604 [INFO] WebApp:188 - Starting web application
2024-10-22 15:47:11,604 [INFO] WebApp:520 - Web application path used /Applications/STM32CubeIDE.app/Contents/Eclipse/plugins/com.st.stm32cube.common.mx_6.9.2.202309101412/db/plugins/mcufinder/reactClient1/index.html
2024-10-22 15:47:33,445 [ERROR] LogOutputStream:75 - [STDERR_REDIRECT] SLF4J: Failed to load class "org.slf4j.impl.StaticLoggerBinder".
2024-10-22 15:47:33,451 [ERROR] LogOutputStream:75 - [STDERR_REDIRECT] SLF4J: Defaulting to no-operation (NOP) logger implementation
2024-10-22 15:47:33,452 [ERROR] LogOutputStream:75 - [STDERR_REDIRECT] SLF4J: See http://www.slf4j.org/codes.html#StaticLoggerBinder for further details.
2024-10-22 16:26:11,577 [INFO] McuFinderGlobals:63 - Set McuFinder mode to 2 (CubeIDE integrated)
2024-10-22 16:26:11,601 [INFO] MainUpdater:2868 - connection check result : 10
2024-10-22 16:26:11,603 [INFO] MainUpdater:2868 - connection check result : 10
2024-10-22 16:26:12,994 [INFO] MicroXplorer:468 - Change Database Path : 
2024-10-22 16:26:13,001 [INFO] MicroXplorer:498 - Change Database Version : DB.6.0.92
2024-10-22 16:26:13,007 [WARN] ThirdParty:871 - waiting for thirdparty lock release [close project]
2024-10-22 16:26:13,007 [INFO] ThirdParty:873 - entering critical section [close project]
2024-10-22 16:26:13,020 [INFO] ThirdParty:883 - exiting critical section [close project]
2024-10-22 16:26:13,026 [INFO] PinOutPanel:1499 - setPackage(No Configuration,No Configuration)
2024-10-22 16:26:13,108 [INFO] UtilMem:75 - Begin LoadConfig() Used Memory: 668006472 Bytes (1073741824)
2024-10-22 16:26:13,111 [INFO] MicroXplorer:468 - Change Database Path : 
2024-10-22 16:26:13,111 [INFO] MicroXplorer:498 - Change Database Version : DB.6.0.92
2024-10-22 16:26:13,113 [INFO] OpenFileManager:308 - Change cursor
2024-10-22 16:26:13,319 [INFO] Mcu:1946 - Initializing MCU STM32F030R8Tx STM32F030R8Tx STM32F030R8T6
2024-10-22 16:26:15,024 [INFO] Context:659 - Trying to add GPIOservice into a context  which must be forbidden
2024-10-22 16:26:16,212 [INFO] RtosManager:555 - Registered RTOS mode: class=CMSIS, group=RTOS, mode=CMSIS_V1, owner=FREERTOS
2024-10-22 16:26:16,213 [INFO] RtosManager:555 - Registered RTOS mode: class=CMSIS, group=RTOS2, mode=CMSIS_V2, owner=FREERTOS
2024-10-22 16:26:16,213 [INFO] RtosManager:555 - Registered RTOS mode: class=RTOS, group=Core, mode=CMSIS_V1, owner=FREERTOS
2024-10-22 16:26:16,213 [INFO] RtosManager:555 - Registered RTOS mode: class=RTOS, group=Core, mode=CMSIS_V2, owner=FREERTOS
2024-10-22 16:26:16,213 [WARN] ModelIntegratedComponent:184 - Missing modes for component STMicroelectronics:FreeRTOS:0.0.1:STMicroelectronics:RTOS:FreeRTOS:Core:::10.2.0:
2024-10-22 16:26:16,276 [WARN] ModelIntegratedComponent:63 - No mode defined for component null
2024-10-22 16:26:16,277 [WARN] ModelIntegratedComponent:63 - No mode defined for component null
2024-10-22 16:26:16,277 [WARN] ModelIntegratedComponent:63 - No mode defined for component null
2024-10-22 16:26:16,277 [WARN] ModelIntegratedComponent:63 - No mode defined for component null
2024-10-22 16:26:16,277 [WARN] ModelIntegratedComponent:63 - No mode defined for component null
2024-10-22 16:26:16,277 [WARN] ModelIntegratedComponent:63 - No mode defined for component null
2024-10-22 16:26:16,277 [WARN] ModelIntegratedComponent:63 - No mode defined for component null
2024-10-22 16:26:16,277 [WARN] ModelIntegratedComponent:63 - No mode defined for component null
2024-10-22 16:26:16,277 [WARN] ModelIntegratedComponent:63 - No mode defined for component null
2024-10-22 16:26:16,277 [WARN] ModelIntegratedComponent:63 - No mode defined for component null
2024-10-22 16:26:16,277 [WARN] ModelIntegratedComponent:63 - No mode defined for component null
2024-10-22 16:26:16,277 [WARN] ModelIntegratedComponent:63 - No mode defined for component null
2024-10-22 16:26:16,277 [WARN] ModelIntegratedComponent:63 - No mode defined for component null
2024-10-22 16:26:16,278 [WARN] ModelIntegratedComponent:63 - No mode defined for component null
2024-10-22 16:26:16,278 [WARN] ModelIntegratedComponent:63 - No mode defined for component null
2024-10-22 16:26:16,278 [WARN] ModelIntegratedComponent:63 - No mode defined for component null
2024-10-22 16:26:16,278 [WARN] ModelIntegratedComponent:63 - No mode defined for component null
2024-10-22 16:26:16,278 [WARN] ModelIntegratedComponent:63 - No mode defined for component null
2024-10-22 16:26:16,278 [WARN] ModelIntegratedComponent:63 - No mode defined for component null
2024-10-22 16:26:16,278 [WARN] ModelIntegratedComponent:63 - No mode defined for component null
2024-10-22 16:26:16,278 [WARN] ModelIntegratedComponent:63 - No mode defined for component null
2024-10-22 16:26:16,278 [WARN] ModelIntegratedComponent:63 - No mode defined for component null
2024-10-22 16:26:16,278 [WARN] ModelIntegratedComponent:63 - No mode defined for component null
2024-10-22 16:26:16,278 [WARN] ModelIntegratedComponent:63 - No mode defined for component null
2024-10-22 16:26:16,278 [WARN] ModelIntegratedComponent:63 - No mode defined for component null
2024-10-22 16:26:16,279 [WARN] ModelIntegratedComponent:63 - No mode defined for component null
2024-10-22 16:26:16,279 [WARN] ModelIntegratedComponent:63 - No mode defined for component null
2024-10-22 16:26:16,279 [WARN] ModelIntegratedComponent:63 - No mode defined for component null
2024-10-22 16:26:16,279 [WARN] ModelIntegratedComponent:63 - No mode defined for component null
2024-10-22 16:26:16,279 [WARN] ModelIntegratedComponent:63 - No mode defined for component null
2024-10-22 16:26:16,279 [WARN] ModelIntegratedComponent:63 - No mode defined for component null
2024-10-22 16:26:16,279 [WARN] ModelIntegratedComponent:63 - No mode defined for component null
2024-10-22 16:26:16,279 [WARN] ModelIntegratedComponent:63 - No mode defined for component null
2024-10-22 16:26:16,386 [INFO] ThirdPartyModel:298 - Start build external matchings
2024-10-22 16:26:16,962 [INFO] ThirdPartyModel:316 - End build external matchings
2024-10-22 16:26:17,087 [INFO] ImportTextPane:194 - (OptionalMessage_ERROR) IP (RCC) : Invalid parameter (FamilyName)
2024-10-22 16:26:17,825 [INFO] UtilMem:75 - End LoadConfig() Used Memory: 691656056 Bytes (1073741824)
2024-10-22 16:26:18,728 [INFO] ApiDb:581 - Connected to CubeFinder SQLite database (/Users/topsecret/.stmcufinder/plugins/mcufinder/mcu/cube-finder-db.db)
2024-10-22 16:26:18,840 [INFO] ApiDb:668 - CubeFinder database Data Model version=2.1
2024-10-22 16:26:18,840 [INFO] ApiDb:669 - CubeFinder database Configuration version=3.0.39
2024-10-22 16:26:18,850 [INFO] ApiDb:670 - CubeFinder database generation date=2024-09-16 (1726485674)
2024-10-22 16:26:18,851 [INFO] ApiDb:671 - CubeFinder database FW Pack versions=[FP-ATR-ASTRA1_V2.0.0, FP-SNS-FLIGHT1_V5.0.2, FP-SNS-MOTENV1_V5.0.0, FP-SNS-MOTENVWB1_V1.4.0, FP-SNS-SMARTAG2_V1.2.0, FP-SNS-STBOX1_V2.0.0, STM32Cube_FW_C0_V1.2.0, STM32Cube_FW_F4_V1.28.1, STM32Cube_FW_F7_V1.17.2, STM32Cube_FW_G0_V1.6.2, STM32Cube_FW_G4_V1.6.0, STM32Cube_FW_H5_V1.3.0, STM32Cube_FW_H7RS_V1.1.0, STM32Cube_FW_H7_V1.11.2, STM32Cube_FW_L0_V1.12.2, STM32Cube_FW_L5_V1.5.1, STM32Cube_FW_U0_V1.1.0, STM32Cube_FW_U5_V1.6.0, STM32Cube_FW_WB0_V1.0.0, STM32Cube_FW_WBA_V1.4.1, STM32Cube_FW_WB_V1.20.0, STM32Cube_FW_WL_V1.3.0, X-CUBE-ALGOBUILD_V1.4.0, X-CUBE-ALS_V1.0.2, X-CUBE-AZRTOS-F4_V1.1.0, X-CUBE-AZRTOS-F7_V1.1.0, X-CUBE-AZRTOS-G0_V1.1.0, X-CUBE-AZRTOS-G4_V2.0.0, X-CUBE-AZRTOS-H7RS_V1.0.0, X-CUBE-AZRTOS-H7_V3.2.0, X-CUBE-AZRTOS-L4_V2.0.0, X-CUBE-AZRTOS-L5_V2.0.0, X-CUBE-AZRTOS-WB_V2.0.0, X-CUBE-AZRTOS-WL_V2.0.0, X-CUBE-BLE1_V7.0.0, X-CUBE-BLE2_V3.3.0, X-CUBE-BLEMGR_V3.1.0, X-CUBE-EEPRMA1_V5.1.0, X-CUBE-FREERTOS_V1.2.0, X-CUBE-GNSS1_V6.0.0, X-CUBE-MEMS1_V11.0.0, X-CUBE-NFC4_V3.0.0, X-CUBE-NFC7_V1.0.1, X-CUBE-SFXS2LP1_V4.0.0, X-CUBE-SUBG2_V5.0.0, X-CUBE-TOF1_V3.4.2]
2024-10-22 16:26:21,369 [INFO] ApiDb:240 - Found 323 in-development CPN: [B-G473E-ZEST1S, B-WB1M-WPAN1, B-WL5M-SUBG1, NUCLEO-C031C6, NUCLEO-H503RB, NUCLEO-H563ZI, NUCLEO-U545RE-Q, NUCLEO-U5A5ZJ-Q, NUCLEO-WBA52CG, STEVAL-PROTEUS1, STEVAL-SMARTAG2, STEVAL-STWINBX1, STM320518-EVAL, STM32C0116-DK, STM32C011D6Y3TR, STM32C011D6Y6TR, STM32C011F4P3, STM32C011F4P6, STM32C011F4U3, STM32C011F4U6TR, STM32C011F6P3, STM32C011F6P6, STM32C011F6U3, STM32C011F6U6TR, STM32C011J4M3, STM32C011J4M6, STM32C011J6M3, STM32C011J6M6, STM32C0316-DK, STM32C031C4T3, STM32C031C4T6, STM32C031C4U3, STM32C031C4U6, STM32C031C6T3, STM32C031C6T6, STM32C031C6U3, STM32C031C6U6, STM32C031F4P3, STM32C031F4P6, STM32C031F6P3, STM32C031F6P6, STM32C031G4U3, STM32C031G4U6, STM32C031G6U3, STM32C031G6U6, STM32C031K4T3, STM32C031K4T6, STM32C031K4U3, STM32C031K4U6, STM32C031K6T3, STM32C031K6T6, STM32C031K6U3, STM32C031K6U6, STM32G071K8TXN, STM32G071K8UXN, STM32G081GBU6N, STM32G081KBT6N, STM32G081KBUXN, STM32G0B1CCT6N, STM32G0B1KCT6, STM32G0B1NEY6TR, STM32G0B1RCT6N, STM32G0C1CCT6, STM32G0C1CCT6N, STM32G0C1CCU6N, STM32G0C1CET6N, STM32G0C1CEU6N, STM32G0C1KCT6, STM32G0C1NEY6TR, STM32G0C1RCI6N, STM32G0C1RCT6N, STM32G0C1REI6N, STM32G0C1RET6N, STM32G0C1VCI6, STM32G0C1VEI6, STM32G471CCT6, STM32G471CCU6, STM32G471CET3, STM32G471CET6, STM32G471CEU3, STM32G471CEU6, STM32G471MCT6, STM32G471MET3, STM32G471MET6, STM32G471MEY6TR, STM32G471QCT6, STM32G471QET3, STM32G471RCT6, STM32G471RET3, STM32G471RET6, STM32G471VCH6, STM32G471VCI6, STM32G471VCT6, STM32G471VEH3, STM32G471VEH6, STM32G471VEI3, STM32G471VEI6, STM32G471VET3, STM32G471VET6, STM32G474CCT6, STM32H503CBT6, STM32H503CBU6, STM32H503EBY6TR, STM32H503KBU6, STM32H503RBT6, STM32H562AGI6, STM32H562AII6, STM32H562IGK6, STM32H562IGT6, STM32H562IIK6, STM32H562IIT6, STM32H562RGT6, STM32H562RGV6, STM32H562RIT6, STM32H562RIV6, STM32H562VGT6, STM32H562VIT6, STM32H562ZGT6, STM32H562ZIT6, STM32H563AGI6, STM32H563AII3Q, STM32H563AII6, STM32H563IGK6, STM32H563IGT6, STM32H563IIK3Q, STM32H563IIK6, STM32H563IIT3Q, STM32H563IIT6, STM32H563MIY3QTR, STM32H563RGT6, STM32H563RGV6, STM32H563RIT6, STM32H563RIV6, STM32H563VGT6, STM32H563VIT3Q, STM32H563VIT6, STM32H563ZGT6, STM32H563ZIT3Q, STM32H563ZIT6, STM32H573AII3Q, STM32H573AII6, STM32H573I-DK, STM32H573IIK3Q, STM32H573IIK6, STM32H573IIT3Q, STM32H573IIT6, STM32H573MIY3QTR, STM32H573RIT6, STM32H573RIV6, STM32H573VIT3Q, STM32H573VIT6, STM32H573ZIT3Q, STM32H573ZIT6, STM32L4R5QGI6STR, STM32MP131AAE3, STM32MP131AAF3, STM32MP131AAG3, STM32MP131CAE3, STM32MP131CAF3, STM32MP131CAG3, STM32MP131DAE7, STM32MP131DAF7, STM32MP131DAG7, STM32MP131FAE7, STM32MP131FAF7, STM32MP131FAG7, STM32MP133AAE3, STM32MP133AAF3, STM32MP133AAG3, STM32MP133CAE3, STM32MP133CAF3, STM32MP133CAG3, STM32MP133DAE7, STM32MP133DAF7, STM32MP133DAG7, STM32MP133FAE7, STM32MP133FAF7, STM32MP133FAG7, STM32MP135AAE3, STM32MP135AAF3, STM32MP135AAG3, STM32MP135CAE3, STM32MP135CAF3, STM32MP135CAG3, STM32MP135DAE7, STM32MP135DAF7, STM32MP135DAG7, STM32MP135F-DK, STM32MP135FAE7, STM32MP135FAF7, STM32MP135FAF7T, STM32MP135FAF7U, STM32MP135FAG7, STM32U535CBT6, STM32U535CBT6Q, STM32U535CBU6, STM32U535CBU6Q, STM32U535CCT6, STM32U535CCT6Q, STM32U535CCU6, STM32U535CCU6Q, STM32U535CET6, STM32U535CET6Q, STM32U535CEU6, STM32U535CEU6Q, STM32U535JEY6QTR, STM32U535NCY6QTR, STM32U535NEY6QTR, STM32U535RBI6, STM32U535RBI6Q, STM32U535RBT6, STM32U535RBT6Q, STM32U535RCI6, STM32U535RCI6Q, STM32U535RCT6, STM32U535RCT6Q, STM32U535REI6, STM32U535REI6Q, STM32U535RET6, STM32U535RET6Q, STM32U535VCI6, STM32U535VCI6Q, STM32U535VCT6, STM32U535VCT6Q, STM32U535VEI6, STM32U535VEI6Q, STM32U535VET6, STM32U535VET6Q, STM32U545CET6, STM32U545CET6Q, STM32U545CEU6, STM32U545CEU6Q, STM32U545JEY6QTR, STM32U545NEY6QTR, STM32U545REI6, STM32U545REI6Q, STM32U545RET6, STM32U545RET6Q, STM32U545VEI6, STM32U545VEI6Q, STM32U545VET6, STM32U545VET6Q, STM32U595AIH6, STM32U595AIH6Q, STM32U595AJH6, STM32U595AJH6Q, STM32U595QII6, STM32U595QII6Q, STM32U595QJI6, STM32U595QJI6Q, STM32U595RIT6, STM32U595RIT6Q, STM32U595RJT6, STM32U595RJT6Q, STM32U595VIT6, STM32U595VIT6Q, STM32U595VJT6, STM32U595VJT6Q, STM32U595ZIT6, STM32U595ZIT6Q, STM32U595ZIY6QTR, STM32U595ZJT6, STM32U595ZJT6Q, STM32U595ZJY6QTR, STM32U599BJY6QTR, STM32U599NIH6Q, STM32U599NJH6Q, STM32U599VIT6Q, STM32U599VJT6, STM32U599VJT6Q, STM32U599ZIT6Q, STM32U599ZIY6QTR, STM32U599ZJT6Q, STM32U599ZJY6QTR, STM32U5A5AJH6, STM32U5A5AJH6Q, STM32U5A5QJI6, STM32U5A5QJI6Q, STM32U5A5RJT6, STM32U5A5RJT6Q, STM32U5A5VJT6, STM32U5A5VJT6Q, STM32U5A5ZJT6, STM32U5A5ZJT6Q, STM32U5A5ZJY6QTR, STM32U5A9BJY6QTR, STM32U5A9J-DK, STM32U5A9NJH6Q, STM32U5A9VJT6Q, STM32U5A9ZJT6Q, STM32U5A9ZJY6QTR, STM32U5F7VIT6, STM32U5F7VIT6Q, STM32U5F7VJT6, STM32U5F7VJT6Q, STM32U5F9BJY6QTR, STM32U5F9NJH6Q, STM32U5F9VIT6Q, STM32U5F9VJT6Q, STM32U5F9ZIJ6QTR, STM32U5F9ZIT6Q, STM32U5F9ZJJ6QTR, STM32U5F9ZJT6Q, STM32U5G7VJT6, STM32U5G7VJT6Q, STM32U5G9BJY6QTR, STM32U5G9J-DK1, STM32U5G9J-DK2, STM32U5G9NJH6Q, STM32U5G9VJT6Q, STM32U5G9ZJJ6QTR, STM32U5G9ZJT6Q, STM32WB1MMCH6, STM32WBA52CEU6, STM32WBA52CEU6T, STM32WBA52CGU6, STM32WBA52CGU6T, STM32WBA52KEU6, STM32WBA52KEU6T, STM32WBA52KGU6, STM32WBA52KGU6T, STM32WL5MOCH6, STM32WL5MOCH6TR]
2024-10-22 16:26:21,376 [INFO] DbMcus:217 - Found 4187 MCUs, 4187 are supported
2024-10-22 16:26:21,378 [INFO] ApiDb:423 - Load user favorites file /Users/topsecret/.stm32cubeide/favorites.mcus.txt: 0 item(s)
2024-10-22 16:26:21,378 [INFO] ApiDb:427 - User favorites MCUs=[]
2024-10-22 16:26:21,378 [INFO] DbMcus:223 - Set 0 / 0 favorites MCUs
2024-10-22 16:26:22,029 [WARN] ThirdParty:833 - waiting for thirdparty lock release [change project]
2024-10-22 16:26:22,029 [INFO] ThirdParty:835 - entering critical section [change project]
2024-10-22 16:26:22,030 [INFO] ThirdParty:1030 - CMSIS Pack Vendor :STMicroelectronics USBPD 4.1
2024-10-22 16:26:22,030 [INFO] ThirdParty:1030 - CMSIS Pack Vendor :STMicroelectronics X-CUBE-AZRTOS-H7 3.3.0
2024-10-22 16:26:22,030 [INFO] ThirdParty:1030 - CMSIS Pack Vendor :STMicroelectronics X-CUBE-NFC9 1.0.0
2024-10-22 16:26:22,030 [INFO] ThirdParty:1030 - CMSIS Pack Vendor :STMicroelectronics X-CUBE-GNSS1 6.0.0
2024-10-22 16:26:22,030 [INFO] ThirdParty:1030 - CMSIS Pack Vendor :STMicroelectronics USB_HOST 2.0.0
2024-10-22 16:26:22,030 [INFO] ThirdParty:1030 - CMSIS Pack Vendor :STMicroelectronics FP-SNS-MOTENVWB1 1.4.0
2024-10-22 16:26:22,030 [INFO] ThirdParty:1030 - CMSIS Pack Vendor :STMicroelectronics X-CUBE-AZRTOS-F4 1.1.0
2024-10-22 16:26:22,030 [INFO] ThirdParty:1030 - CMSIS Pack Vendor :STMicroelectronics LIBJPEG 8.0.0
2024-10-22 16:26:22,030 [INFO] ThirdParty:1030 - CMSIS Pack Vendor :STMicroelectronics X-CUBE-SMBUS 2.1.0
2024-10-22 16:26:22,030 [INFO] ThirdParty:1030 - CMSIS Pack Vendor :STMicroelectronics X-CUBE-WB05N 1.1.0
2024-10-22 16:26:22,030 [INFO] ThirdParty:1030 - CMSIS Pack Vendor :STMicroelectronics USB_DEVICE 3.0.0
2024-10-22 16:26:22,030 [INFO] ThirdParty:1030 - CMSIS Pack Vendor :STMicroelectronics X-CUBE-TCPP 4.1.0
2024-10-22 16:26:22,031 [INFO] ThirdParty:1030 - CMSIS Pack Vendor :STMicroelectronics X-CUBE-ISPU 2.1.0
2024-10-22 16:26:22,031 [INFO] ThirdParty:1030 - CMSIS Pack Vendor :STMicroelectronics X-CUBE-FREERTOS 1.2.0
2024-10-22 16:26:22,031 [INFO] ThirdParty:1030 - CMSIS Pack Vendor :STMicroelectronics X-CUBE-AZRTOS-WB 2.0.0
2024-10-22 16:26:22,031 [INFO] ThirdParty:1030 - CMSIS Pack Vendor :STMicroelectronics X-CUBE-GNSS1 7.0.0
2024-10-22 16:26:22,031 [INFO] ThirdParty:1030 - CMSIS Pack Vendor :STMicroelectronics X-CUBE-AZRTOS-F7 1.1.0
2024-10-22 16:26:22,031 [INFO] ThirdParty:1030 - CMSIS Pack Vendor :STMicroelectronics X-CUBE-AZRTOS-L5 2.0.0
2024-10-22 16:26:22,031 [INFO] ThirdParty:1030 - CMSIS Pack Vendor :STMicroelectronics USB_DEVICE 2.0.0
2024-10-22 16:26:22,031 [INFO] ThirdParty:1030 - CMSIS Pack Vendor :STMicroelectronics X-CUBE-NFC6 3.1.0
2024-10-22 16:26:22,032 [INFO] ThirdParty:1030 - CMSIS Pack Vendor :STMicroelectronics X-CUBE-MEMS1 11.0.0
2024-10-22 16:26:22,032 [INFO] ThirdParty:1030 - CMSIS Pack Vendor :STMicroelectronics FreeRTOS 0.0.1
2024-10-22 16:26:22,033 [INFO] ThirdParty:1030 - CMSIS Pack Vendor :STMicroelectronics X-CUBE-AZRTOS-G0 1.1.0
2024-10-22 16:26:22,033 [INFO] ThirdParty:1030 - CMSIS Pack Vendor :STMicroelectronics X-CUBE-SAFEA1 1.2.2
2024-10-22 16:26:22,033 [INFO] ThirdParty:1030 - CMSIS Pack Vendor :STMicroelectronics X-CUBE-NFC4 3.0.0
2024-10-22 16:26:22,033 [INFO] ThirdParty:1030 - CMSIS Pack Vendor :STMicroelectronics X-CUBE-SUBG2 5.0.0
2024-10-22 16:26:22,033 [INFO] ThirdParty:1030 - CMSIS Pack Vendor :STMicroelectronics STM32_WPAN 1.0.0
2024-10-22 16:26:22,033 [INFO] ThirdParty:1030 - CMSIS Pack Vendor :STMicroelectronics lwIP 2.0.3
2024-10-22 16:26:22,033 [INFO] ThirdParty:1030 - CMSIS Pack Vendor :STMicroelectronics FP-SNS-FLIGHT1 5.0.2
2024-10-22 16:26:22,033 [INFO] ThirdParty:1030 - CMSIS Pack Vendor :Cesanta I-CUBE-Mongoose 7.13.0
2024-10-22 16:26:22,033 [INFO] ThirdParty:1030 - CMSIS Pack Vendor :STMicroelectronics USB_HOST 1.0.0
2024-10-22 16:26:22,034 [INFO] ThirdParty:1030 - CMSIS Pack Vendor :STMicroelectronics X-CUBE-AI 9.0.0
2024-10-22 16:26:22,034 [INFO] ThirdParty:1030 - CMSIS Pack Vendor :STMicroelectronics X-CUBE-AZRTOS-G4 2.0.0
2024-10-22 16:26:22,034 [INFO] ThirdParty:1030 - CMSIS Pack Vendor :STMicroelectronics PDM2PCM 3.1.0
2024-10-22 16:26:22,034 [INFO] ThirdParty:1030 - CMSIS Pack Vendor :STMicroelectronics PDM2PCM 3.3.0
2024-10-22 16:26:22,034 [INFO] ThirdParty:1030 - CMSIS Pack Vendor :STMicroelectronics X-CUBE-DISPLAY 3.0.0
2024-10-22 16:26:22,034 [INFO] ThirdParty:1030 - CMSIS Pack Vendor :STMicroelectronics X-CUBE-BLE1 7.0.0
2024-10-22 16:26:22,034 [INFO] ThirdParty:1030 - CMSIS Pack Vendor :STMicroelectronics FP-ATR-SIGFOX1 3.2.0
2024-10-22 16:26:22,034 [INFO] ThirdParty:1030 - CMSIS Pack Vendor :STMicroelectronics X-CUBE-NFC10 1.0.0
2024-10-22 16:26:22,035 [INFO] ThirdParty:1030 - CMSIS Pack Vendor :wolfSSL I-CUBE-wolfSSL 5.7.2
2024-10-22 16:26:22,036 [INFO] ThirdParty:1030 - CMSIS Pack Vendor :STMicroelectronics X-CUBE-ISPU 2.0.0
2024-10-22 16:26:22,036 [INFO] ThirdParty:1030 - CMSIS Pack Vendor :STMicroelectronics X-CUBE-EEPRMA1 5.1.0
2024-10-22 16:26:22,036 [INFO] ThirdParty:1030 - CMSIS Pack Vendor :STMicroelectronics HAL Drivers 0.0.0
2024-10-22 16:26:22,036 [INFO] ThirdParty:1030 - CMSIS Pack Vendor :STMicroelectronics MBEDTLS 2.16.2
2024-10-22 16:26:22,036 [INFO] ThirdParty:1030 - CMSIS Pack Vendor :STMicroelectronics X-CUBE-ALS 1.0.2
2024-10-22 16:26:22,036 [INFO] ThirdParty:1030 - CMSIS Pack Vendor :emotas I-CUBE-CANOPEN 1.3.0
2024-10-22 16:26:22,036 [INFO] ThirdParty:1030 - CMSIS Pack Vendor :STMicroelectronics X-CUBE-NFC7 1.0.1
2024-10-22 16:26:22,036 [INFO] ThirdParty:1030 - CMSIS Pack Vendor :STMicroelectronics MBEDTLS 2.14.1
2024-10-22 16:26:22,036 [INFO] ThirdParty:1030 - CMSIS Pack Vendor :STMicroelectronics X-CUBE-TOUCHGFX 4.24.0
2024-10-22 16:26:22,036 [INFO] ThirdParty:1030 - CMSIS Pack Vendor :ITTIA_DB I-CUBE-ITTIADB 8.9.0
2024-10-22 16:26:22,036 [INFO] ThirdParty:1030 - CMSIS Pack Vendor :STMicroelectronics X-CUBE-TOUCHGFX 4.24.1
2024-10-22 16:26:22,036 [INFO] ThirdParty:1030 - CMSIS Pack Vendor :wolfSSL I-CUBE-wolfTPM 3.4.0
2024-10-22 16:26:22,036 [INFO] ThirdParty:1030 - CMSIS Pack Vendor :portGmbH I-Cube-SoM-uGOAL 1.1.0
2024-10-22 16:26:22,036 [INFO] ThirdParty:1030 - CMSIS Pack Vendor :STMicroelectronics X-CUBE-BLEMGR 3.1.0
2024-10-22 16:26:22,036 [INFO] ThirdParty:1030 - CMSIS Pack Vendor :STMicroelectronics ThreadX 1.0.0
2024-10-22 16:26:22,036 [INFO] ThirdParty:1030 - CMSIS Pack Vendor :STMicroelectronics FP-SNS-SMARTAG2 1.2.0
2024-10-22 16:26:22,036 [INFO] ThirdParty:1030 - CMSIS Pack Vendor :STMicroelectronics X-CUBE-AZRTOS-WL 2.0.0
2024-10-22 16:26:22,036 [INFO] ThirdParty:1030 - CMSIS Pack Vendor :SEGGER I-CUBE-embOS 1.3.1
2024-10-22 16:26:22,036 [INFO] ThirdParty:1030 - CMSIS Pack Vendor :STMicroelectronics X-CUBE-ALGOBUILD 1.4.0
2024-10-22 16:26:22,036 [INFO] ThirdParty:1030 - CMSIS Pack Vendor :STMicroelectronics FP-SNS-MOTENV1 5.0.0
2024-10-22 16:26:22,036 [INFO] ThirdParty:1030 - CMSIS Pack Vendor :STMicroelectronics USB_DEVICE 1.0.0
2024-10-22 16:26:22,036 [INFO] ThirdParty:1030 - CMSIS Pack Vendor :STMicroelectronics X-CUBE-AZRTOS-H7RS 1.0.0
2024-10-22 16:26:22,036 [INFO] ThirdParty:1030 - CMSIS Pack Vendor :wolfSSL I-CUBE-wolfMQTT 1.19.0
2024-10-22 16:26:22,037 [INFO] ThirdParty:1030 - CMSIS Pack Vendor :STMicroelectronics X-CUBE-AZRTOS-L4 2.0.0
2024-10-22 16:26:22,037 [INFO] ThirdParty:1030 - CMSIS Pack Vendor :STMicroelectronics ThreadX 0.0.2
2024-10-22 16:26:22,037 [INFO] ThirdParty:1030 - CMSIS Pack Vendor :WES I-CUBE-Cesium 1.3.0
2024-10-22 16:26:22,037 [INFO] ThirdParty:1030 - CMSIS Pack Vendor :STMicroelectronics FP-ATR-ASTRA1 2.0.0
2024-10-22 16:26:22,037 [INFO] ThirdParty:1030 - CMSIS Pack Vendor :STMicroelectronics lwIP 2.1.2
2024-10-22 16:26:22,037 [INFO] ThirdParty:1030 - CMSIS Pack Vendor :STMicroelectronics X-CUBE-SFXS2LP1 4.0.0
2024-10-22 16:26:22,037 [INFO] ThirdParty:1030 - CMSIS Pack Vendor :STMicroelectronics X-CUBE-BLE2 3.3.0
2024-10-22 16:26:22,037 [INFO] ThirdParty:1030 - CMSIS Pack Vendor :STMicroelectronics X-CUBE-AI 9.1.0
2024-10-22 16:26:22,037 [INFO] ThirdParty:1030 - CMSIS Pack Vendor :STMicroelectronics PDM2PCM 3.2.0
2024-10-22 16:26:22,037 [INFO] ThirdParty:1030 - CMSIS Pack Vendor :wolfSSL I-CUBE-wolfSSH 1.4.17
2024-10-22 16:26:22,040 [INFO] ThirdParty:841 - exiting critical section [change project]
2024-10-22 16:26:22,829 [INFO] PinOutPanel:1499 - setPackage(No Configuration,No Configuration)
2024-10-22 16:26:22,840 [INFO] PinOutPanel:1499 - setPackage(STM32F030R8Tx,LQFP64)
2024-10-22 16:26:24,391 [INFO] UtilMem:75 - Before build in PCC Used Memory: 709361664 Bytes (1073741824)
2024-10-22 16:26:26,377 [INFO] UtilMem:75 - After build in PCC Used Memory: 923271168 Bytes (1073741824)
2024-10-22 16:26:26,551 [INFO] IPUIPlugin:80 - create IPUIPlugin
2024-10-22 16:26:26,554 [INFO] IPUIPlugin:80 - create IPUIPlugin
2024-10-22 16:26:26,560 [INFO] IPUIPlugin:80 - create IPUIPlugin
2024-10-22 16:26:26,561 [INFO] IPUIPlugin:80 - create IPUIPlugin
2024-10-22 16:26:26,561 [INFO] IPUIPlugin:80 - create IPUIPlugin
2024-10-22 16:26:26,562 [INFO] IPUIPlugin:80 - create IPUIPlugin
2024-10-22 16:26:26,562 [INFO] IPUIPlugin:80 - create IPUIPlugin
2024-10-22 16:26:26,564 [INFO] IPUIPlugin:80 - create IPUIPlugin
2024-10-22 16:26:26,564 [INFO] IPUIPlugin:80 - create IPUIPlugin
2024-10-22 16:26:26,565 [INFO] IPUIPlugin:80 - create IPUIPlugin
2024-10-22 16:26:26,565 [INFO] IPUIPlugin:80 - create IPUIPlugin
2024-10-22 16:26:26,566 [INFO] IPUIPlugin:80 - create IPUIPlugin
2024-10-22 16:26:26,566 [INFO] IPUIPlugin:80 - create IPUIPlugin
2024-10-22 16:26:26,566 [INFO] IPUIPlugin:80 - create IPUIPlugin
2024-10-22 16:26:26,567 [INFO] IPUIPlugin:80 - create IPUIPlugin
2024-10-22 16:26:26,567 [INFO] IPUIPlugin:80 - create IPUIPlugin
2024-10-22 16:26:26,574 [INFO] IPUIPlugin:80 - create IPUIPlugin
2024-10-22 16:26:26,574 [INFO] IPUIPlugin:80 - create IPUIPlugin
2024-10-22 16:26:26,575 [INFO] IPUIPlugin:80 - create IPUIPlugin
2024-10-22 16:26:26,575 [INFO] IPUIPlugin:80 - create IPUIPlugin
2024-10-22 16:26:26,575 [INFO] IPUIPlugin:80 - create IPUIPlugin
2024-10-22 16:26:26,575 [INFO] IPUIPlugin:80 - create IPUIPlugin
2024-10-22 16:26:26,576 [INFO] IPUIPlugin:80 - create IPUIPlugin
2024-10-22 16:26:26,576 [INFO] IPUIPlugin:80 - create IPUIPlugin
2024-10-22 16:26:26,576 [INFO] IPUIPlugin:80 - create IPUIPlugin
2024-10-22 16:26:26,577 [INFO] IPUIPlugin:80 - create IPUIPlugin
2024-10-22 16:26:28,241 [INFO] CADModel:165 - CPN selected for project levelSTM32F030R8T6
2024-10-22 16:26:28,244 [INFO] CADModel:114 - Register for checkConnection events
2024-10-22 16:26:28,300 [INFO] OpenFileManager:328 - Restore cursor
2024-10-22 16:27:10,609 [INFO] UtilMem:75 - End SaveConfig() Used Memory: 708728240 Bytes (1073741824)
2024-10-22 16:27:12,126 [INFO] UtilMem:75 - End SaveConfig() Used Memory: 688132248 Bytes (1073741824)
2024-10-22 16:27:13,488 [INFO] UtilMem:75 - End SaveConfig() Used Memory: 768350360 Bytes (1073741824)
2024-10-22 16:27:14,316 [INFO] BlockDiagram:2759 - set Specific Code input for plugin: ADC
2024-10-22 16:27:14,318 [INFO] BlockDiagram:2759 - set Specific Code input for plugin: NVIC
2024-10-22 16:27:14,319 [INFO] BlockDiagram:2759 - set Specific Code input for plugin: USART
2024-10-22 16:27:14,320 [INFO] BlockDiagram:2759 - set Specific Code input for plugin: SYS
2024-10-22 16:27:14,321 [INFO] BlockDiagram:2759 - set Specific Code input for plugin: GPIO
2024-10-22 16:27:14,321 [INFO] BlockDiagram:2759 - set Specific Code input for plugin: RCC
2024-10-22 16:27:14,325 [INFO] CodeGenerator:799 - code generatio: config db path: /Applications/STM32CubeIDE.app/Contents/Eclipse/plugins/com.st.stm32cube.common.mx_6.9.2.202309101412//db/
2024-10-22 16:27:15,620 [INFO] CodeEngine:255 - oldGeneratedFile, /Users/topsecret/Documents/kola/FEKT/sem7/MKS/cvika/cvika4/MXTmpFiles/license.tmp_save
2024-10-22 16:27:16,683 [INFO] CodeEngine:279 - Generated code: /Users/topsecret/Documents/kola/FEKT/sem7/MKS/cvika/cvika4/MXTmpFiles/license.tmp
2024-10-22 16:27:17,102 [INFO] CodeEngine:255 - oldGeneratedFile, /Users/topsecret/Documents/kola/FEKT/sem7/MKS/cvika/cvika4/MXTmpFiles/gpio.tmp_save
2024-10-22 16:27:17,516 [INFO] CodeEngine:279 - Generated code: /Users/topsecret/Documents/kola/FEKT/sem7/MKS/cvika/cvika4/MXTmpFiles/gpio.tmp
2024-10-22 16:27:18,228 [INFO] CodeEngine:255 - oldGeneratedFile, /Users/topsecret/Documents/kola/FEKT/sem7/MKS/cvika/cvika4/Core/Src/stm32f0xx_it.c_save
2024-10-22 16:27:18,628 [INFO] CodeEngine:279 - Generated code: /Users/topsecret/Documents/kola/FEKT/sem7/MKS/cvika/cvika4/Core/Src/stm32f0xx_it.c
2024-10-22 16:27:18,633 [INFO] CodeEngine:255 - oldGeneratedFile, /Users/topsecret/Documents/kola/FEKT/sem7/MKS/cvika/cvika4/Core/Inc/stm32f0xx_it.h_save
2024-10-22 16:27:18,833 [INFO] CodeEngine:279 - Generated code: /Users/topsecret/Documents/kola/FEKT/sem7/MKS/cvika/cvika4/Core/Inc/stm32f0xx_it.h
2024-10-22 16:27:18,851 [INFO] CodeEngine:255 - oldGeneratedFile, /Users/topsecret/Documents/kola/FEKT/sem7/MKS/cvika/cvika4/Core/Src/stm32f0xx_hal_msp.c_save
2024-10-22 16:27:19,148 [INFO] CodeEngine:279 - Generated code: /Users/topsecret/Documents/kola/FEKT/sem7/MKS/cvika/cvika4/Core/Src/stm32f0xx_hal_msp.c
2024-10-22 16:27:19,151 [INFO] CodeEngine:255 - oldGeneratedFile, /Users/topsecret/Documents/kola/FEKT/sem7/MKS/cvika/cvika4/MXTmpFiles/system.tmp_save
2024-10-22 16:27:19,250 [INFO] CodeEngine:279 - Generated code: /Users/topsecret/Documents/kola/FEKT/sem7/MKS/cvika/cvika4/MXTmpFiles/system.tmp
2024-10-22 16:27:19,261 [INFO] CodeEngine:311 - oldGeneratedFile, /Users/topsecret/Documents/kola/FEKT/sem7/MKS/cvika/cvika4/Core/Inc/stm32f0xx_hal_conf.h_save
2024-10-22 16:27:19,456 [INFO] CodeEngine:335 - Generated code: /Users/topsecret/Documents/kola/FEKT/sem7/MKS/cvika/cvika4/Core/Inc/stm32f0xx_hal_conf.h
2024-10-22 16:27:19,584 [INFO] CodeEngine:255 - oldGeneratedFile, /Users/topsecret/Documents/kola/FEKT/sem7/MKS/cvika/cvika4/Core/Inc/main.h_save
2024-10-22 16:27:19,980 [INFO] CodeEngine:279 - Generated code: /Users/topsecret/Documents/kola/FEKT/sem7/MKS/cvika/cvika4/Core/Inc/main.h
2024-10-22 16:27:20,013 [INFO] CodeEngine:255 - oldGeneratedFile, /Users/topsecret/Documents/kola/FEKT/sem7/MKS/cvika/cvika4/Core/Src/main.c_save
2024-10-22 16:27:20,540 [INFO] CodeEngine:279 - Generated code: /Users/topsecret/Documents/kola/FEKT/sem7/MKS/cvika/cvika4/Core/Src/main.c
2024-10-22 16:27:22,147 [INFO] ProjectBuilder:3064 - Time for Copy HAL[1] : 335mS.
2024-10-22 16:27:22,239 [INFO] ProjectBuilder:4404 - Project Generator version: 4.1.0
2024-10-22 16:27:23,249 [INFO] ConfigFileManager:1457 - The Die is : DIE440
2024-10-22 16:27:23,306 [INFO] ApiDbMcu:507 - Load IP Config File for FATFS
2024-10-22 16:27:23,342 [INFO] ApiDbMcu:507 - Load IP Config File for FREERTOS
2024-10-22 16:27:25,716 [INFO] LogOutputStream:77 - [STDOUT_REDIRECT] 
2024-10-22 16:27:31,271 [INFO] ProjectBuilder:4626 - Time for Generating toolchain IDE Files: 8977mS.
2024-10-22 16:27:31,304 [INFO] ProjectBuilder:2935 - Time for Copy CMSIS : 20mS.
2024-10-22 16:27:31,322 [INFO] ProjectBuilder:2935 - Time for Copy CMSIS : 0mS.
2024-10-22 16:31:11,230 [INFO] MainUpdater:2868 - connection check result : 10
2024-10-22 16:31:11,235 [INFO] MainUpdater:2868 - connection check result : 10
2024-10-22 16:31:11,932 [INFO] MicroXplorer:468 - Change Database Path : 
2024-10-22 16:31:11,932 [INFO] MicroXplorer:498 - Change Database Version : DB.6.0.92
2024-10-22 16:31:12,072 [WARN] ThirdParty:871 - waiting for thirdparty lock release [close project]
2024-10-22 16:31:12,073 [INFO] ThirdParty:873 - entering critical section [close project]
2024-10-22 16:31:12,073 [INFO] ThirdParty:883 - exiting critical section [close project]
2024-10-22 16:31:12,079 [INFO] PinOutPanel:1499 - setPackage(No Configuration,No Configuration)
2024-10-22 16:31:12,106 [INFO] UtilMem:75 - Begin LoadConfig() Used Memory: 775601208 Bytes (1073741824)
2024-10-22 16:31:12,106 [INFO] MicroXplorer:468 - Change Database Path : 
2024-10-22 16:31:12,107 [INFO] MicroXplorer:498 - Change Database Version : DB.6.0.92
2024-10-22 16:31:12,107 [INFO] OpenFileManager:308 - Change cursor
2024-10-22 16:31:12,150 [INFO] RulesReader:64 - Compatibility file has been processed (293 Rules)
2024-10-22 16:31:12,169 [INFO] Mcu:1946 - Initializing MCU STM32F030R8Tx STM32F030R8Tx STM32F030R8T6
2024-10-22 16:31:13,276 [INFO] Context:659 - Trying to add GPIOservice into a context  which must be forbidden
2024-10-22 16:31:13,992 [INFO] RtosManager:555 - Registered RTOS mode: class=CMSIS, group=RTOS, mode=CMSIS_V1, owner=FREERTOS
2024-10-22 16:31:13,993 [INFO] RtosManager:555 - Registered RTOS mode: class=CMSIS, group=RTOS2, mode=CMSIS_V2, owner=FREERTOS
2024-10-22 16:31:13,995 [INFO] RtosManager:555 - Registered RTOS mode: class=RTOS, group=Core, mode=CMSIS_V1, owner=FREERTOS
2024-10-22 16:31:13,995 [INFO] RtosManager:555 - Registered RTOS mode: class=RTOS, group=Core, mode=CMSIS_V2, owner=FREERTOS
2024-10-22 16:31:13,995 [WARN] ModelIntegratedComponent:184 - Missing modes for component STMicroelectronics:FreeRTOS:0.0.1:STMicroelectronics:RTOS:FreeRTOS:Core:::10.2.0:
2024-10-22 16:31:14,036 [WARN] ModelIntegratedComponent:63 - No mode defined for component null
2024-10-22 16:31:14,041 [WARN] ModelIntegratedComponent:63 - No mode defined for component null
2024-10-22 16:31:14,041 [WARN] ModelIntegratedComponent:63 - No mode defined for component null
2024-10-22 16:31:14,042 [WARN] ModelIntegratedComponent:63 - No mode defined for component null
2024-10-22 16:31:14,042 [WARN] ModelIntegratedComponent:63 - No mode defined for component null
2024-10-22 16:31:14,042 [WARN] ModelIntegratedComponent:63 - No mode defined for component null
2024-10-22 16:31:14,042 [WARN] ModelIntegratedComponent:63 - No mode defined for component null
2024-10-22 16:31:14,042 [WARN] ModelIntegratedComponent:63 - No mode defined for component null
2024-10-22 16:31:14,043 [WARN] ModelIntegratedComponent:63 - No mode defined for component null
2024-10-22 16:31:14,043 [WARN] ModelIntegratedComponent:63 - No mode defined for component null
2024-10-22 16:31:14,043 [WARN] ModelIntegratedComponent:63 - No mode defined for component null
2024-10-22 16:31:14,043 [WARN] ModelIntegratedComponent:63 - No mode defined for component null
2024-10-22 16:31:14,043 [WARN] ModelIntegratedComponent:63 - No mode defined for component null
2024-10-22 16:31:14,043 [WARN] ModelIntegratedComponent:63 - No mode defined for component null
2024-10-22 16:31:14,043 [WARN] ModelIntegratedComponent:63 - No mode defined for component null
2024-10-22 16:31:14,043 [WARN] ModelIntegratedComponent:63 - No mode defined for component null
2024-10-22 16:31:14,043 [WARN] ModelIntegratedComponent:63 - No mode defined for component null
2024-10-22 16:31:14,043 [WARN] ModelIntegratedComponent:63 - No mode defined for component null
2024-10-22 16:31:14,044 [WARN] ModelIntegratedComponent:63 - No mode defined for component null
2024-10-22 16:31:14,044 [WARN] ModelIntegratedComponent:63 - No mode defined for component null
2024-10-22 16:31:14,044 [WARN] ModelIntegratedComponent:63 - No mode defined for component null
2024-10-22 16:31:14,044 [WARN] ModelIntegratedComponent:63 - No mode defined for component null
2024-10-22 16:31:14,044 [WARN] ModelIntegratedComponent:63 - No mode defined for component null
2024-10-22 16:31:14,044 [WARN] ModelIntegratedComponent:63 - No mode defined for component null
2024-10-22 16:31:14,044 [WARN] ModelIntegratedComponent:63 - No mode defined for component null
2024-10-22 16:31:14,044 [WARN] ModelIntegratedComponent:63 - No mode defined for component null
2024-10-22 16:31:14,044 [WARN] ModelIntegratedComponent:63 - No mode defined for component null
2024-10-22 16:31:14,044 [WARN] ModelIntegratedComponent:63 - No mode defined for component null
2024-10-22 16:31:14,045 [WARN] ModelIntegratedComponent:63 - No mode defined for component null
2024-10-22 16:31:14,045 [WARN] ModelIntegratedComponent:63 - No mode defined for component null
2024-10-22 16:31:14,045 [WARN] ModelIntegratedComponent:63 - No mode defined for component null
2024-10-22 16:31:14,045 [WARN] ModelIntegratedComponent:63 - No mode defined for component null
2024-10-22 16:31:14,045 [WARN] ModelIntegratedComponent:63 - No mode defined for component null
2024-10-22 16:31:14,128 [INFO] ThirdPartyModel:298 - Start build external matchings
2024-10-22 16:31:14,749 [INFO] ThirdPartyModel:316 - End build external matchings
2024-10-22 16:31:14,895 [INFO] ImportTextPane:194 - (OptionalMessage_ERROR) IP (RCC) : Invalid parameter (FamilyName)
2024-10-22 16:31:15,242 [INFO] UtilMem:75 - End LoadConfig() Used Memory: 858698008 Bytes (1073741824)
2024-10-22 16:31:15,422 [WARN] ThirdParty:833 - waiting for thirdparty lock release [change project]
2024-10-22 16:31:15,430 [INFO] ThirdParty:835 - entering critical section [change project]
2024-10-22 16:31:15,432 [INFO] ThirdParty:1030 - CMSIS Pack Vendor :STMicroelectronics USBPD 4.1
2024-10-22 16:31:15,432 [INFO] ThirdParty:1030 - CMSIS Pack Vendor :STMicroelectronics X-CUBE-AZRTOS-H7 3.3.0
2024-10-22 16:31:15,432 [INFO] ThirdParty:1030 - CMSIS Pack Vendor :STMicroelectronics X-CUBE-NFC9 1.0.0
2024-10-22 16:31:15,432 [INFO] ThirdParty:1030 - CMSIS Pack Vendor :STMicroelectronics X-CUBE-GNSS1 6.0.0
2024-10-22 16:31:15,432 [INFO] ThirdParty:1030 - CMSIS Pack Vendor :STMicroelectronics USB_HOST 2.0.0
2024-10-22 16:31:15,432 [INFO] ThirdParty:1030 - CMSIS Pack Vendor :STMicroelectronics FP-SNS-MOTENVWB1 1.4.0
2024-10-22 16:31:15,432 [INFO] ThirdParty:1030 - CMSIS Pack Vendor :STMicroelectronics X-CUBE-AZRTOS-F4 1.1.0
2024-10-22 16:31:15,432 [INFO] ThirdParty:1030 - CMSIS Pack Vendor :STMicroelectronics LIBJPEG 8.0.0
2024-10-22 16:31:15,432 [INFO] ThirdParty:1030 - CMSIS Pack Vendor :STMicroelectronics X-CUBE-SMBUS 2.1.0
2024-10-22 16:31:15,432 [INFO] ThirdParty:1030 - CMSIS Pack Vendor :STMicroelectronics X-CUBE-WB05N 1.1.0
2024-10-22 16:31:15,432 [INFO] ThirdParty:1030 - CMSIS Pack Vendor :STMicroelectronics USB_DEVICE 3.0.0
2024-10-22 16:31:15,433 [INFO] ThirdParty:1030 - CMSIS Pack Vendor :STMicroelectronics X-CUBE-TCPP 4.1.0
2024-10-22 16:31:15,433 [INFO] ThirdParty:1030 - CMSIS Pack Vendor :STMicroelectronics X-CUBE-ISPU 2.1.0
2024-10-22 16:31:15,433 [INFO] ThirdParty:1030 - CMSIS Pack Vendor :STMicroelectronics X-CUBE-FREERTOS 1.2.0
2024-10-22 16:31:15,433 [INFO] ThirdParty:1030 - CMSIS Pack Vendor :STMicroelectronics X-CUBE-AZRTOS-WB 2.0.0
2024-10-22 16:31:15,433 [INFO] ThirdParty:1030 - CMSIS Pack Vendor :STMicroelectronics X-CUBE-GNSS1 7.0.0
2024-10-22 16:31:15,433 [INFO] ThirdParty:1030 - CMSIS Pack Vendor :STMicroelectronics X-CUBE-AZRTOS-F7 1.1.0
2024-10-22 16:31:15,433 [INFO] ThirdParty:1030 - CMSIS Pack Vendor :STMicroelectronics X-CUBE-AZRTOS-L5 2.0.0
2024-10-22 16:31:15,433 [INFO] ThirdParty:1030 - CMSIS Pack Vendor :STMicroelectronics USB_DEVICE 2.0.0
2024-10-22 16:31:15,433 [INFO] ThirdParty:1030 - CMSIS Pack Vendor :STMicroelectronics X-CUBE-NFC6 3.1.0
2024-10-22 16:31:15,433 [INFO] ThirdParty:1030 - CMSIS Pack Vendor :STMicroelectronics X-CUBE-MEMS1 11.0.0
2024-10-22 16:31:15,433 [INFO] ThirdParty:1030 - CMSIS Pack Vendor :STMicroelectronics FreeRTOS 0.0.1
2024-10-22 16:31:15,433 [INFO] ThirdParty:1030 - CMSIS Pack Vendor :STMicroelectronics X-CUBE-AZRTOS-G0 1.1.0
2024-10-22 16:31:15,433 [INFO] ThirdParty:1030 - CMSIS Pack Vendor :STMicroelectronics X-CUBE-SAFEA1 1.2.2
2024-10-22 16:31:15,434 [INFO] ThirdParty:1030 - CMSIS Pack Vendor :STMicroelectronics X-CUBE-NFC4 3.0.0
2024-10-22 16:31:15,434 [INFO] ThirdParty:1030 - CMSIS Pack Vendor :STMicroelectronics X-CUBE-SUBG2 5.0.0
2024-10-22 16:31:15,434 [INFO] ThirdParty:1030 - CMSIS Pack Vendor :STMicroelectronics STM32_WPAN 1.0.0
2024-10-22 16:31:15,434 [INFO] ThirdParty:1030 - CMSIS Pack Vendor :STMicroelectronics lwIP 2.0.3
2024-10-22 16:31:15,434 [INFO] ThirdParty:1030 - CMSIS Pack Vendor :STMicroelectronics FP-SNS-FLIGHT1 5.0.2
2024-10-22 16:31:15,434 [INFO] ThirdParty:1030 - CMSIS Pack Vendor :Cesanta I-CUBE-Mongoose 7.13.0
2024-10-22 16:31:15,434 [INFO] ThirdParty:1030 - CMSIS Pack Vendor :STMicroelectronics USB_HOST 1.0.0
2024-10-22 16:31:15,434 [INFO] ThirdParty:1030 - CMSIS Pack Vendor :STMicroelectronics X-CUBE-AI 9.0.0
2024-10-22 16:31:15,434 [INFO] ThirdParty:1030 - CMSIS Pack Vendor :STMicroelectronics X-CUBE-AZRTOS-G4 2.0.0
2024-10-22 16:31:15,434 [INFO] ThirdParty:1030 - CMSIS Pack Vendor :STMicroelectronics PDM2PCM 3.1.0
2024-10-22 16:31:15,434 [INFO] ThirdParty:1030 - CMSIS Pack Vendor :STMicroelectronics PDM2PCM 3.3.0
2024-10-22 16:31:15,434 [INFO] ThirdParty:1030 - CMSIS Pack Vendor :STMicroelectronics X-CUBE-DISPLAY 3.0.0
2024-10-22 16:31:15,434 [INFO] ThirdParty:1030 - CMSIS Pack Vendor :STMicroelectronics X-CUBE-BLE1 7.0.0
2024-10-22 16:31:15,434 [INFO] ThirdParty:1030 - CMSIS Pack Vendor :STMicroelectronics FP-ATR-SIGFOX1 3.2.0
2024-10-22 16:31:15,434 [INFO] ThirdParty:1030 - CMSIS Pack Vendor :STMicroelectronics X-CUBE-NFC10 1.0.0
2024-10-22 16:31:15,434 [INFO] ThirdParty:1030 - CMSIS Pack Vendor :wolfSSL I-CUBE-wolfSSL 5.7.2
2024-10-22 16:31:15,434 [INFO] ThirdParty:1030 - CMSIS Pack Vendor :STMicroelectronics X-CUBE-ISPU 2.0.0
2024-10-22 16:31:15,435 [INFO] ThirdParty:1030 - CMSIS Pack Vendor :STMicroelectronics X-CUBE-EEPRMA1 5.1.0
2024-10-22 16:31:15,435 [INFO] ThirdParty:1030 - CMSIS Pack Vendor :STMicroelectronics HAL Drivers 0.0.0
2024-10-22 16:31:15,435 [INFO] ThirdParty:1030 - CMSIS Pack Vendor :STMicroelectronics MBEDTLS 2.16.2
2024-10-22 16:31:15,435 [INFO] ThirdParty:1030 - CMSIS Pack Vendor :STMicroelectronics X-CUBE-ALS 1.0.2
2024-10-22 16:31:15,435 [INFO] ThirdParty:1030 - CMSIS Pack Vendor :emotas I-CUBE-CANOPEN 1.3.0
2024-10-22 16:31:15,435 [INFO] ThirdParty:1030 - CMSIS Pack Vendor :STMicroelectronics X-CUBE-NFC7 1.0.1
2024-10-22 16:31:15,435 [INFO] ThirdParty:1030 - CMSIS Pack Vendor :STMicroelectronics MBEDTLS 2.14.1
2024-10-22 16:31:15,436 [INFO] ThirdParty:1030 - CMSIS Pack Vendor :STMicroelectronics X-CUBE-TOUCHGFX 4.24.0
2024-10-22 16:31:15,436 [INFO] ThirdParty:1030 - CMSIS Pack Vendor :ITTIA_DB I-CUBE-ITTIADB 8.9.0
2024-10-22 16:31:15,437 [INFO] ThirdParty:1030 - CMSIS Pack Vendor :STMicroelectronics X-CUBE-TOUCHGFX 4.24.1
2024-10-22 16:31:15,437 [INFO] ThirdParty:1030 - CMSIS Pack Vendor :wolfSSL I-CUBE-wolfTPM 3.4.0
2024-10-22 16:31:15,438 [INFO] ThirdParty:1030 - CMSIS Pack Vendor :portGmbH I-Cube-SoM-uGOAL 1.1.0
2024-10-22 16:31:15,438 [INFO] ThirdParty:1030 - CMSIS Pack Vendor :STMicroelectronics X-CUBE-BLEMGR 3.1.0
2024-10-22 16:31:15,438 [INFO] ThirdParty:1030 - CMSIS Pack Vendor :STMicroelectronics ThreadX 1.0.0
2024-10-22 16:31:15,438 [INFO] ThirdParty:1030 - CMSIS Pack Vendor :STMicroelectronics FP-SNS-SMARTAG2 1.2.0
2024-10-22 16:31:15,438 [INFO] ThirdParty:1030 - CMSIS Pack Vendor :STMicroelectronics X-CUBE-AZRTOS-WL 2.0.0
2024-10-22 16:31:15,438 [INFO] ThirdParty:1030 - CMSIS Pack Vendor :SEGGER I-CUBE-embOS 1.3.1
2024-10-22 16:31:15,438 [INFO] ThirdParty:1030 - CMSIS Pack Vendor :STMicroelectronics X-CUBE-ALGOBUILD 1.4.0
2024-10-22 16:31:15,438 [INFO] ThirdParty:1030 - CMSIS Pack Vendor :STMicroelectronics FP-SNS-MOTENV1 5.0.0
2024-10-22 16:31:15,439 [INFO] ThirdParty:1030 - CMSIS Pack Vendor :STMicroelectronics USB_DEVICE 1.0.0
2024-10-22 16:31:15,439 [INFO] ThirdParty:1030 - CMSIS Pack Vendor :STMicroelectronics X-CUBE-AZRTOS-H7RS 1.0.0
2024-10-22 16:31:15,439 [INFO] ThirdParty:1030 - CMSIS Pack Vendor :wolfSSL I-CUBE-wolfMQTT 1.19.0
2024-10-22 16:31:15,439 [INFO] ThirdParty:1030 - CMSIS Pack Vendor :STMicroelectronics X-CUBE-AZRTOS-L4 2.0.0
2024-10-22 16:31:15,439 [INFO] ThirdParty:1030 - CMSIS Pack Vendor :STMicroelectronics ThreadX 0.0.2
2024-10-22 16:31:15,439 [INFO] ThirdParty:1030 - CMSIS Pack Vendor :WES I-CUBE-Cesium 1.3.0
2024-10-22 16:31:15,439 [INFO] ThirdParty:1030 - CMSIS Pack Vendor :STMicroelectronics FP-ATR-ASTRA1 2.0.0
2024-10-22 16:31:15,439 [INFO] ThirdParty:1030 - CMSIS Pack Vendor :STMicroelectronics lwIP 2.1.2
2024-10-22 16:31:15,439 [INFO] ThirdParty:1030 - CMSIS Pack Vendor :STMicroelectronics X-CUBE-SFXS2LP1 4.0.0
2024-10-22 16:31:15,439 [INFO] ThirdParty:1030 - CMSIS Pack Vendor :STMicroelectronics X-CUBE-BLE2 3.3.0
2024-10-22 16:31:15,439 [INFO] ThirdParty:1030 - CMSIS Pack Vendor :STMicroelectronics X-CUBE-AI 9.1.0
2024-10-22 16:31:15,439 [INFO] ThirdParty:1030 - CMSIS Pack Vendor :STMicroelectronics PDM2PCM 3.2.0
2024-10-22 16:31:15,439 [INFO] ThirdParty:1030 - CMSIS Pack Vendor :wolfSSL I-CUBE-wolfSSH 1.4.17
2024-10-22 16:31:15,441 [INFO] ThirdParty:841 - exiting critical section [change project]
2024-10-22 16:31:16,046 [INFO] PinOutPanel:1499 - setPackage(No Configuration,No Configuration)
2024-10-22 16:31:16,056 [INFO] PinOutPanel:1499 - setPackage(STM32F030R8Tx,LQFP64)
2024-10-22 16:31:16,656 [INFO] UtilMem:75 - Before build in PCC Used Memory: 766639848 Bytes (1073741824)
2024-10-22 16:31:17,230 [INFO] UtilMem:75 - After build in PCC Used Memory: 759743968 Bytes (1073741824)
2024-10-22 16:31:17,262 [INFO] IPUIPlugin:80 - create IPUIPlugin
2024-10-22 16:31:17,262 [INFO] IPUIPlugin:80 - create IPUIPlugin
2024-10-22 16:31:17,263 [INFO] IPUIPlugin:80 - create IPUIPlugin
2024-10-22 16:31:17,263 [INFO] IPUIPlugin:80 - create IPUIPlugin
2024-10-22 16:31:17,263 [INFO] IPUIPlugin:80 - create IPUIPlugin
2024-10-22 16:31:17,263 [INFO] IPUIPlugin:80 - create IPUIPlugin
2024-10-22 16:31:17,263 [INFO] IPUIPlugin:80 - create IPUIPlugin
2024-10-22 16:31:17,263 [INFO] IPUIPlugin:80 - create IPUIPlugin
2024-10-22 16:31:17,264 [INFO] IPUIPlugin:80 - create IPUIPlugin
2024-10-22 16:31:17,264 [INFO] IPUIPlugin:80 - create IPUIPlugin
2024-10-22 16:31:17,265 [INFO] IPUIPlugin:80 - create IPUIPlugin
2024-10-22 16:31:17,268 [INFO] IPUIPlugin:80 - create IPUIPlugin
2024-10-22 16:31:17,269 [INFO] IPUIPlugin:80 - create IPUIPlugin
2024-10-22 16:31:17,269 [INFO] IPUIPlugin:80 - create IPUIPlugin
2024-10-22 16:31:17,269 [INFO] IPUIPlugin:80 - create IPUIPlugin
2024-10-22 16:31:17,269 [INFO] IPUIPlugin:80 - create IPUIPlugin
2024-10-22 16:31:17,270 [INFO] IPUIPlugin:80 - create IPUIPlugin
2024-10-22 16:31:17,270 [INFO] IPUIPlugin:80 - create IPUIPlugin
2024-10-22 16:31:17,270 [INFO] IPUIPlugin:80 - create IPUIPlugin
2024-10-22 16:31:17,270 [INFO] IPUIPlugin:80 - create IPUIPlugin
2024-10-22 16:31:17,270 [INFO] IPUIPlugin:80 - create IPUIPlugin
2024-10-22 16:31:17,270 [INFO] IPUIPlugin:80 - create IPUIPlugin
2024-10-22 16:31:17,270 [INFO] IPUIPlugin:80 - create IPUIPlugin
2024-10-22 16:31:17,270 [INFO] IPUIPlugin:80 - create IPUIPlugin
2024-10-22 16:31:17,270 [INFO] IPUIPlugin:80 - create IPUIPlugin
2024-10-22 16:31:17,271 [INFO] IPUIPlugin:80 - create IPUIPlugin
2024-10-22 16:31:17,358 [INFO] CADModel:165 - CPN selected for project levelSTM32F030R8T6
2024-10-22 16:31:17,358 [INFO] CADModel:114 - Register for checkConnection events
2024-10-22 16:31:17,403 [INFO] OpenFileManager:328 - Restore cursor
2024-10-22 16:48:57,235 [ERROR] LogOutputStream:75 - [STDERR_REDIRECT] 
