2024-10-03 08:04:51,923 [INFO] Activator:176 - 


2024-10-03 08:04:51,932 [INFO] Activator:177 - !SESSION log4j initialized
2024-10-03 08:05:00,790 [ERROR] LogOutputStream:75 - [STDERR_REDIRECT] 
2024-10-03 08:05:01,975 [INFO] LogOutputStream:77 - [STDOUT_REDIRECT] 
2024-10-03 08:05:04,384 [INFO] LogOutputStream:77 - [STDOUT_REDIRECT] 
2024-10-03 08:05:06,160 [INFO] ApplicationProperties:184 - Using Application install path: /Applications/STM32CubeIDE.app/Contents/Eclipse/plugins/com.st.stm32cube.common.mx_6.9.2.202309101412
2024-10-03 08:05:06,181 [INFO] DbMcusXml:78 - Set database path to: /Applications/STM32CubeIDE.app/Contents/Eclipse/plugins/com.st.stm32cube.common.mx_6.9.2.202309101412//db//mcu/
2024-10-03 08:05:06,181 [INFO] ApiDb:274 - Set plugin database path to: /Applications/STM32CubeIDE.app/Contents/Eclipse/plugins/com.st.stm32cube.common.mx_6.9.2.202309101412//db//plugins/boardmanager/
2024-10-03 08:05:06,181 [WARN] ApiDb:259 - Overriding images path with different value:  => /Applications/STM32CubeIDE.app/Contents/Eclipse/plugins/com.st.stm32cube.common.mx_6.9.2.202309101412//db//plugins/mcufinder/images/
2024-10-03 08:05:06,208 [INFO] ApiDb:250 - Set database path to: /Users/topsecret/.stmcufinder/plugins/mcufinder//mcu/
2024-10-03 08:05:06,210 [INFO] DbMcusAds:125 - Set database path to: /Users/topsecret/.stmcufinder/plugins/mcufinder//mcu/
2024-10-03 08:05:06,213 [INFO] CrossReferenceDbSqlite:203 - Set database path to: /Users/topsecret/.stmcufinder/plugins/mcufinder//mcu/cs/
2024-10-03 08:05:06,470 [INFO] RulesReader:64 - Compatibility file has been processed (293 Rules)
2024-10-03 08:05:06,585 [INFO] DbMcusXml:78 - Set database path to: /Applications/STM32CubeIDE.app/Contents/Eclipse/plugins/com.st.stm32cube.common.mx_6.9.2.202309101412//db//mcu/
2024-10-03 08:05:06,585 [INFO] ApiDb:274 - Set plugin database path to: /Applications/STM32CubeIDE.app/Contents/Eclipse/plugins/com.st.stm32cube.common.mx_6.9.2.202309101412//db//plugins/boardmanager/
2024-10-03 08:05:06,587 [INFO] ApiDb:261 - Set plugin images path to: /Applications/STM32CubeIDE.app/Contents/Eclipse/plugins/com.st.stm32cube.common.mx_6.9.2.202309101412//db//plugins/mcufinder/images/
2024-10-03 08:05:06,588 [WARN] DbFile:41 - Overriding database path with different value: /Users/topsecret/.stmcufinder/plugins/mcufinder/ => /Users/topsecret/.stmcufinder/plugins/mcufinder
2024-10-03 08:05:06,588 [INFO] ApiDb:250 - Set database path to: /Users/topsecret/.stmcufinder/plugins/mcufinder//mcu/
2024-10-03 08:05:06,588 [WARN] DbFile:41 - Overriding database path with different value: /Users/topsecret/.stmcufinder/plugins/mcufinder/ => /Users/topsecret/.stmcufinder/plugins/mcufinder
2024-10-03 08:05:06,588 [INFO] DbMcusAds:125 - Set database path to: /Users/topsecret/.stmcufinder/plugins/mcufinder//mcu/
2024-10-03 08:05:06,588 [WARN] DbFile:41 - Overriding database path with different value: /Users/topsecret/.stmcufinder/plugins/mcufinder/ => /Users/topsecret/.stmcufinder/plugins/mcufinder
2024-10-03 08:05:06,588 [WARN] DbFile:41 - Overriding database path with different value: /Users/topsecret/.stmcufinder/plugins/mcufinder/ => /Users/topsecret/.stmcufinder/plugins/mcufinder
2024-10-03 08:05:06,589 [INFO] CrossReferenceDbSqlite:203 - Set database path to: /Users/topsecret/.stmcufinder/plugins/mcufinder//mcu/cs/
2024-10-03 08:05:06,709 [INFO] MainPanel:262 - HeapMemory: 268435456
2024-10-03 08:05:06,845 [INFO] DbMcusXml:78 - Set database path to: /Applications/STM32CubeIDE.app/Contents/Eclipse/plugins/com.st.stm32cube.common.mx_6.9.2.202309101412//db//mcu/
2024-10-03 08:05:06,845 [INFO] ApiDb:274 - Set plugin database path to: /Applications/STM32CubeIDE.app/Contents/Eclipse/plugins/com.st.stm32cube.common.mx_6.9.2.202309101412//db//plugins/boardmanager/
2024-10-03 08:05:06,846 [INFO] ApiDb:261 - Set plugin images path to: /Applications/STM32CubeIDE.app/Contents/Eclipse/plugins/com.st.stm32cube.common.mx_6.9.2.202309101412//db//plugins/mcufinder/images/
2024-10-03 08:05:06,846 [WARN] DbFile:41 - Overriding database path with different value: /Users/topsecret/.stmcufinder/plugins/mcufinder/ => /Users/topsecret/.stmcufinder/plugins/mcufinder
2024-10-03 08:05:06,846 [INFO] ApiDb:250 - Set database path to: /Users/topsecret/.stmcufinder/plugins/mcufinder//mcu/
2024-10-03 08:05:06,846 [WARN] DbFile:41 - Overriding database path with different value: /Users/topsecret/.stmcufinder/plugins/mcufinder/ => /Users/topsecret/.stmcufinder/plugins/mcufinder
2024-10-03 08:05:06,846 [INFO] DbMcusAds:125 - Set database path to: /Users/topsecret/.stmcufinder/plugins/mcufinder//mcu/
2024-10-03 08:05:06,846 [WARN] DbFile:41 - Overriding database path with different value: /Users/topsecret/.stmcufinder/plugins/mcufinder/ => /Users/topsecret/.stmcufinder/plugins/mcufinder
2024-10-03 08:05:06,847 [WARN] DbFile:41 - Overriding database path with different value: /Users/topsecret/.stmcufinder/plugins/mcufinder/ => /Users/topsecret/.stmcufinder/plugins/mcufinder
2024-10-03 08:05:06,847 [INFO] CrossReferenceDbSqlite:203 - Set database path to: /Users/topsecret/.stmcufinder/plugins/mcufinder//mcu/cs/
2024-10-03 08:05:06,875 [INFO] ApplicationProperties:184 - Using Application install path: /Applications/STM32CubeIDE.app/Contents/Eclipse/plugins/com.st.stm32cube.common.mx_6.9.2.202309101412
2024-10-03 08:05:06,877 [INFO] PluginManage:196 - Search for loadable plugins [exclusion list=, ]
2024-10-03 08:05:06,881 [INFO] PluginManage:310 - Check plugin analytics
2024-10-03 08:05:07,191 [INFO] AnalyticsPlugin:253 - Accepted Software Licenses: 
2024-10-03 08:05:07,192 [INFO] AnalyticsPlugin:255 - Accepted CMSIS Pack Licenses: 
2024-10-03 08:05:07,192 [INFO] AnalyticsPlugin:257 - Accepted Firmware Licenses: 
2024-10-03 08:05:07,206 [INFO] PluginManage:359 - Loaded plugin analytics (category:tool,tabindex:-1)
2024-10-03 08:05:07,208 [INFO] PluginManage:310 - Check plugin cadmodel
2024-10-03 08:05:07,651 [INFO] CADModel:105 - Init CAD model plugin
2024-10-03 08:05:07,651 [INFO] PluginManage:359 - Loaded plugin cadmodel (category:power,tabindex:5)
2024-10-03 08:05:07,652 [INFO] PluginManage:310 - Check plugin clock
2024-10-03 08:05:07,672 [INFO] PluginManage:359 - Loaded plugin clock (category:base,tabindex:2)
2024-10-03 08:05:07,672 [INFO] PluginManage:310 - Check plugin ddr
2024-10-03 08:05:07,676 [INFO] PluginManage:359 - Loaded plugin ddr (category:tool,tabindex:6)
2024-10-03 08:05:07,676 [INFO] PluginManage:310 - Check plugin filemanager
2024-10-03 08:05:07,865 [INFO] PluginManage:359 - Loaded plugin filemanager (category:base,tabindex:10)
2024-10-03 08:05:07,865 [INFO] PluginManage:310 - Check plugin ipmanager
2024-10-03 08:05:07,874 [INFO] PluginManage:359 - Loaded plugin ipmanager (category:base,tabindex:5)
2024-10-03 08:05:07,874 [INFO] PluginManage:310 - Check plugin lpbam
2024-10-03 08:05:07,886 [INFO] PluginManage:359 - Loaded plugin lpbam (category:base,tabindex:0)
2024-10-03 08:05:07,887 [INFO] PluginManage:310 - Check plugin memorymap
2024-10-03 08:05:07,901 [INFO] PluginManage:359 - Loaded plugin memorymap (category:base,tabindex:4)
2024-10-03 08:05:07,901 [INFO] PluginManage:310 - Check plugin pinoutandconfiguration
2024-10-03 08:05:07,909 [INFO] PluginManage:359 - Loaded plugin pinoutandconfiguration (category:base,tabindex:1)
2024-10-03 08:05:07,909 [INFO] PluginManage:310 - Check plugin pinoutconfig
2024-10-03 08:05:08,019 [WARN] SupportedApi:132 - Cannot load RTOS API schema: s4s-elt-must-match.1: The content of 'definitions' must match (annotation?, (simpleType | complexType)?, (unique | key | keyref)*)). A problem was found starting at: attribute.
2024-10-03 08:05:08,254 [INFO] PluginManage:359 - Loaded plugin pinoutconfig (category:base,tabindex:0)
2024-10-03 08:05:08,254 [INFO] PluginManage:310 - Check plugin power
2024-10-03 08:05:08,268 [INFO] PluginManage:359 - Loaded plugin power (category:power,tabindex:4)
2024-10-03 08:05:08,269 [INFO] PluginManage:310 - Check plugin projectmanager
2024-10-03 08:05:08,309 [INFO] PluginManage:359 - Loaded plugin projectmanager (category:projectmanager,tabindex:3)
2024-10-03 08:05:08,310 [INFO] PluginManage:310 - Check plugin thirdparty
2024-10-03 08:05:08,539 [INFO] PluginManage:359 - Loaded plugin thirdparty (category:base,tabindex:-1)
2024-10-03 08:05:08,539 [INFO] PluginManage:310 - Check plugin tools
2024-10-03 08:05:08,539 [WARN] IntegrityCheckThread:84 - waiting for thirdparty lock release [integrity check]
2024-10-03 08:05:08,540 [INFO] IntegrityCheckThread:86 - entering critical section [integrity check]
2024-10-03 08:05:08,540 [INFO] ThirdPartyUpdaterWithRetryManager:70 - Updater plugin not ready yet. [1/15]
2024-10-03 08:05:08,542 [INFO] PluginManage:359 - Loaded plugin tools (category:base,tabindex:7)
2024-10-03 08:05:08,542 [INFO] PluginManage:310 - Check plugin tutovideos
2024-10-03 08:05:08,791 [INFO] PluginManage:359 - Loaded plugin tutovideos (category:base,tabindex:-1)
2024-10-03 08:05:08,791 [INFO] PluginManage:310 - Check plugin updater
2024-10-03 08:05:08,808 [INFO] PluginManage:359 - Loaded plugin updater (category:base,tabindex:12)
2024-10-03 08:05:08,809 [INFO] PluginManage:310 - Check plugin userauth
2024-10-03 08:05:08,816 [INFO] UserAuth:113 - Init User Auth plugin
2024-10-03 08:05:08,816 [INFO] PluginManage:359 - Loaded plugin userauth (category:base,tabindex:14)
2024-10-03 08:05:08,817 [INFO] PluginManage:283 - PluginManage : Loaded plugins [17]
2024-10-03 08:05:09,145 [INFO] PinOutPanel:1499 - setPackage(No Configuration,No Configuration)
2024-10-03 08:05:09,314 [INFO] CADModel:165 - CPN selected for project level
2024-10-03 08:05:09,314 [INFO] CADModel:114 - Register for checkConnection events
2024-10-03 08:05:09,328 [INFO] IPUIPlugin:80 - create IPUIPlugin
2024-10-03 08:05:09,329 [INFO] PluginManager:220 - loadIPPluginJar : add mdma
2024-10-03 08:05:09,335 [INFO] IPUIPlugin:80 - create IPUIPlugin
2024-10-03 08:05:09,336 [INFO] PluginManager:220 - loadIPPluginJar : add freertos
2024-10-03 08:05:09,340 [INFO] IPUIPlugin:80 - create IPUIPlugin
2024-10-03 08:05:09,340 [INFO] PluginManager:220 - loadIPPluginJar : add gic
2024-10-03 08:05:09,349 [INFO] IPUIPlugin:80 - create IPUIPlugin
2024-10-03 08:05:09,349 [INFO] PluginManager:220 - loadIPPluginJar : add adc
2024-10-03 08:05:09,352 [INFO] IPUIPlugin:80 - create IPUIPlugin
2024-10-03 08:05:09,353 [INFO] PluginManager:220 - loadIPPluginJar : add gtzc
2024-10-03 08:05:09,354 [INFO] IPUIPlugin:80 - create IPUIPlugin
2024-10-03 08:05:09,354 [INFO] PluginManager:220 - loadIPPluginJar : add quadspi
2024-10-03 08:05:09,356 [INFO] IPUIPlugin:80 - create IPUIPlugin
2024-10-03 08:05:09,356 [INFO] PluginManager:220 - loadIPPluginJar : add aes
2024-10-03 08:05:09,358 [INFO] IPUIPlugin:80 - create IPUIPlugin
2024-10-03 08:05:09,359 [INFO] PluginManager:220 - loadIPPluginJar : add pdm2pcm
2024-10-03 08:05:09,360 [INFO] IPUIPlugin:80 - create IPUIPlugin
2024-10-03 08:05:09,360 [INFO] PluginManager:220 - loadIPPluginJar : add hash
2024-10-03 08:05:09,362 [INFO] IPUIPlugin:80 - create IPUIPlugin
2024-10-03 08:05:09,363 [INFO] PluginManager:220 - loadIPPluginJar : add tim
2024-10-03 08:05:09,364 [INFO] IPUIPlugin:80 - create IPUIPlugin
2024-10-03 08:05:09,364 [INFO] PluginManager:220 - loadIPPluginJar : add tsc
2024-10-03 08:05:09,366 [INFO] IPUIPlugin:80 - create IPUIPlugin
2024-10-03 08:05:09,366 [INFO] PluginManager:220 - loadIPPluginJar : add ts
2024-10-03 08:05:09,369 [INFO] IPUIPlugin:80 - create IPUIPlugin
2024-10-03 08:05:09,369 [INFO] PluginManager:220 - loadIPPluginJar : add can
2024-10-03 08:05:09,372 [INFO] IPUIPlugin:80 - create IPUIPlugin
2024-10-03 08:05:09,372 [INFO] PluginManager:220 - loadIPPluginJar : add dma3
2024-10-03 08:05:09,374 [INFO] IPUIPlugin:80 - create IPUIPlugin
2024-10-03 08:05:09,374 [INFO] PluginManager:220 - loadIPPluginJar : add dfsdm
2024-10-03 08:05:09,375 [INFO] IPUIPlugin:80 - create IPUIPlugin
2024-10-03 08:05:09,375 [INFO] PluginManager:220 - loadIPPluginJar : add spi
2024-10-03 08:05:09,377 [INFO] IPUIPlugin:80 - create IPUIPlugin
2024-10-03 08:05:09,377 [INFO] PluginManager:220 - loadIPPluginJar : add gfxmmu
2024-10-03 08:05:09,378 [INFO] IPUIPlugin:80 - create IPUIPlugin
2024-10-03 08:05:09,378 [INFO] PluginManager:220 - loadIPPluginJar : add genericplugin
2024-10-03 08:05:09,381 [INFO] IPUIPlugin:80 - create IPUIPlugin
2024-10-03 08:05:09,382 [INFO] PluginManager:220 - loadIPPluginJar : add cryp
2024-10-03 08:05:09,385 [INFO] IPUIPlugin:80 - create IPUIPlugin
2024-10-03 08:05:09,385 [INFO] PluginManager:220 - loadIPPluginJar : add gpio
2024-10-03 08:05:09,386 [INFO] IPUIPlugin:80 - create IPUIPlugin
2024-10-03 08:05:09,386 [INFO] PluginManager:220 - loadIPPluginJar : add comp
2024-10-03 08:05:09,389 [INFO] IPUIPlugin:80 - create IPUIPlugin
2024-10-03 08:05:09,389 [INFO] PluginManager:220 - loadIPPluginJar : add tracer_emb
2024-10-03 08:05:09,391 [INFO] IPUIPlugin:80 - create IPUIPlugin
2024-10-03 08:05:09,392 [INFO] PluginManager:220 - loadIPPluginJar : add openamp
2024-10-03 08:05:09,396 [INFO] IPUIPlugin:80 - create IPUIPlugin
2024-10-03 08:05:09,396 [INFO] PluginManager:220 - loadIPPluginJar : add stm32_wpan
2024-10-03 08:05:09,402 [INFO] IPUIPlugin:80 - create IPUIPlugin
2024-10-03 08:05:09,405 [INFO] PluginManager:220 - loadIPPluginJar : add plateformsettings
2024-10-03 08:05:09,408 [INFO] IPUIPlugin:80 - create IPUIPlugin
2024-10-03 08:05:09,408 [INFO] PluginManager:220 - loadIPPluginJar : add ipddr
2024-10-03 08:05:09,410 [INFO] IPUIPlugin:80 - create IPUIPlugin
2024-10-03 08:05:09,412 [INFO] PluginManager:220 - loadIPPluginJar : add usart
2024-10-03 08:05:09,413 [INFO] IPUIPlugin:80 - create IPUIPlugin
2024-10-03 08:05:09,413 [INFO] PluginManager:220 - loadIPPluginJar : add ltdc
2024-10-03 08:05:09,417 [INFO] IPUIPlugin:80 - create IPUIPlugin
2024-10-03 08:05:09,417 [INFO] PluginManager:220 - loadIPPluginJar : add nvic
2024-10-03 08:05:09,418 [INFO] IPUIPlugin:80 - create IPUIPlugin
2024-10-03 08:05:09,418 [INFO] PluginManager:220 - loadIPPluginJar : add fatfs
2024-10-03 08:05:09,424 [INFO] IPUIPlugin:80 - create IPUIPlugin
2024-10-03 08:05:09,424 [INFO] PluginManager:220 - loadIPPluginJar : add linkedlist
2024-10-03 08:05:09,429 [INFO] IPUIPlugin:80 - create IPUIPlugin
2024-10-03 08:05:09,429 [INFO] PluginManager:220 - loadIPPluginJar : add dma
2024-10-03 08:05:09,433 [INFO] IPUIPlugin:80 - create IPUIPlugin
2024-10-03 08:05:09,433 [INFO] PluginManager:220 - loadIPPluginJar : add fmc
2024-10-03 08:05:09,435 [INFO] IPUIPlugin:80 - create IPUIPlugin
2024-10-03 08:05:09,436 [INFO] PluginManager:220 - loadIPPluginJar : add i2s
2024-10-03 08:05:09,437 [INFO] IPUIPlugin:80 - create IPUIPlugin
2024-10-03 08:05:09,437 [INFO] PluginManager:220 - loadIPPluginJar : add ucpd
2024-10-03 08:05:09,439 [INFO] IPUIPlugin:80 - create IPUIPlugin
2024-10-03 08:05:09,439 [INFO] PluginManager:220 - loadIPPluginJar : add lorawan
2024-10-03 08:05:09,444 [INFO] IPUIPlugin:80 - create IPUIPlugin
2024-10-03 08:05:09,444 [INFO] PluginManager:220 - loadIPPluginJar : add opamp
2024-10-03 08:05:09,447 [INFO] IPUIPlugin:80 - create IPUIPlugin
2024-10-03 08:05:09,447 [INFO] PluginManager:220 - loadIPPluginJar : add i3c
2024-10-03 08:05:09,449 [INFO] IPUIPlugin:80 - create IPUIPlugin
2024-10-03 08:05:09,449 [INFO] PluginManager:220 - loadIPPluginJar : add touchsensing
2024-10-03 08:05:09,452 [INFO] IPUIPlugin:80 - create IPUIPlugin
2024-10-03 08:05:09,452 [INFO] PluginManager:220 - loadIPPluginJar : add i2c
2024-10-03 08:05:09,457 [INFO] IPUIPlugin:80 - create IPUIPlugin
2024-10-03 08:05:09,457 [INFO] PluginManager:220 - loadIPPluginJar : add resmgrutility
2024-10-03 08:05:09,460 [INFO] IPUIPlugin:80 - create IPUIPlugin
2024-10-03 08:05:09,460 [INFO] PluginManager:220 - loadIPPluginJar : add sai
2024-10-03 08:05:09,462 [INFO] IPUIPlugin:80 - create IPUIPlugin
2024-10-03 08:05:09,462 [INFO] PluginManager:220 - loadIPPluginJar : add usbx
2024-10-03 08:05:09,585 [INFO] CADModel:165 - CPN selected for project level
2024-10-03 08:05:09,586 [INFO] CADModel:114 - Register for checkConnection events
2024-10-03 08:05:09,587 [FATAL] Updater:308 - Updater called before beeing initialized
2024-10-03 08:05:09,587 [ERROR] CADModel:125 - Updater not yet initialized, retry later 
2024-10-03 08:05:09,886 [INFO] CADModel:165 - CPN selected for project level
2024-10-03 08:05:09,886 [INFO] CADModel:114 - Register for checkConnection events
2024-10-03 08:05:09,887 [FATAL] Updater:308 - Updater called before beeing initialized
2024-10-03 08:05:09,887 [ERROR] CADModel:125 - Updater not yet initialized, retry later 
2024-10-03 08:05:09,894 [FATAL] Updater:308 - Updater called before beeing initialized
2024-10-03 08:05:10,134 [FATAL] Updater:308 - Updater called before beeing initialized
2024-10-03 08:05:10,153 [INFO] DbMcusAds:53 - JSON generation date=Fri Sep 20 15:04:23 CEST 2024 (1726837463098)
2024-10-03 08:05:10,154 [FATAL] Updater:308 - Updater called before beeing initialized
2024-10-03 08:05:10,334 [WARN] DetailPanel:346 - Failed to get advertising image, set to default
2024-10-03 08:05:10,491 [FATAL] Updater:308 - Updater called before beeing initialized
2024-10-03 08:05:10,497 [FATAL] Updater:308 - Updater called before beeing initialized
2024-10-03 08:05:10,497 [FATAL] Updater:308 - Updater called before beeing initialized
2024-10-03 08:05:10,497 [WARN] DetailPanel:346 - Failed to get advertising image, set to default
2024-10-03 08:05:10,505 [FATAL] Updater:308 - Updater called before beeing initialized
2024-10-03 08:05:10,615 [ERROR] Updater:1120 - MainUpdater not yet initialized. External WinMGr cannot be set.
2024-10-03 08:05:10,674 [INFO] Updater:1056 - Updater Version found : 6.9.2
2024-10-03 08:05:10,694 [INFO] ApplicationProperties:184 - Using Application install path: /Applications/STM32CubeIDE.app/Contents/Eclipse/plugins/com.st.stm32cube.common.mx_6.9.2.202309101412
2024-10-03 08:05:10,773 [INFO] MainUpdater:521 - Copy updater definitions from MX database
2024-10-03 08:05:11,028 [INFO] MainUpdater:2868 - connection check result : 10
2024-10-03 08:05:11,030 [INFO] MainUpdater:3562 - Updater definition file requires update
2024-10-03 08:05:11,034 [INFO] MainUpdater:285 - Updater Check For Update Now.
2024-10-03 08:05:11,034 [INFO] MicroXplorer:498 - Change Database Version : DB.6.0.92
2024-10-03 08:05:11,062 [INFO] McuFinderGlobals:63 - Set McuFinder mode to 2 (CubeIDE integrated)
2024-10-03 08:05:11,106 [INFO] ServerAccessManage:473 - Download File updaters.zip
2024-10-03 08:05:11,301 [INFO] FileExtend:240 - Unzip File : updaters.zip
2024-10-03 08:05:11,302 [INFO] FileExtend:255 - Standard Zip Deflate
2024-10-03 08:05:11,507 [INFO] ServerAccessManage:473 - Download File PacksControlFlags.xml
2024-10-03 08:05:11,546 [WARN] MainUpdater:1189 - Updater busy. Cannot search thirdparties
2024-10-03 08:05:11,547 [INFO] ThirdPartyUpdaterWithRetryManager:96 - Updater plugin is busy. [1/15]
2024-10-03 08:05:11,773 [INFO] ServerAccessManage:473 - Download File cubemx.pidx
2024-10-03 08:05:12,600 [INFO] ServerAccessManage:473 - Download File STMicroelectronics.X-CUBE-AI.pdsc
2024-10-03 08:05:14,558 [WARN] MainUpdater:1189 - Updater busy. Cannot search thirdparties
2024-10-03 08:05:14,561 [INFO] ThirdPartyUpdaterWithRetryManager:96 - Updater plugin is busy. [2/15]
2024-10-03 08:05:15,163 [WARN] PackLoader:240 - Cannot read IP mode file for STMicroelectronics.X-CUBE-AI.9.1.0
2024-10-03 08:05:15,203 [INFO] PopulateThirdPartyThread:66 - Ending populate Thread
2024-10-03 08:05:15,206 [INFO] ThirdParty:1030 - CMSIS Pack Vendor :STMicroelectronics X-CUBE-AI 9.1.0
2024-10-03 08:05:15,207 [INFO] LoadServerUpdatesThread:373 - End of LoadServerUpdate Thread
2024-10-03 08:05:15,411 [INFO] CheckServerUpdateThread:120 - End of CheckServer Thread
2024-10-03 08:05:17,767 [WARN] PackLoader:240 - Cannot read IP mode file for STMicroelectronics.FP-SNS-MOTENVWB1.1.4.0
2024-10-03 08:05:17,781 [WARN] PackLoader:240 - Cannot read IP mode file for STMicroelectronics.X-CUBE-SMBUS.2.1.0
2024-10-03 08:05:17,855 [WARN] PackLoader:240 - Cannot read IP mode file for STMicroelectronics.X-CUBE-AZRTOS-F7.1.1.0
2024-10-03 08:05:18,245 [WARN] PackLoader:240 - Cannot read IP mode file for STMicroelectronics.X-CUBE-MEMS1.11.0.0
2024-10-03 08:05:18,688 [WARN] PackLoader:240 - Cannot read IP mode file for STMicroelectronics.FP-SNS-FLIGHT1.5.0.2
2024-10-03 08:05:18,763 [WARN] PackLoader:240 - Cannot read IP mode file for STMicroelectronics.X-CUBE-DISPLAY.3.0.0
2024-10-03 08:05:18,820 [WARN] PackLoader:240 - Cannot read IP mode file for STMicroelectronics.X-CUBE-BLE1.7.0.0
2024-10-03 08:05:18,847 [WARN] PackLoader:240 - Cannot read IP mode file for STMicroelectronics.X-CUBE-NFC10.1.0.0
2024-10-03 08:05:18,868 [WARN] PackLoader:240 - Cannot read IP mode file for emotas.I-CUBE-CANOPEN.1.3.0
2024-10-03 08:05:18,911 [WARN] PackLoader:240 - Cannot read IP mode file for STMicroelectronics.X-CUBE-BLEMGR.3.1.0
2024-10-03 08:05:18,931 [WARN] PackLoader:240 - Cannot read IP mode file for STMicroelectronics.FP-SNS-SMARTAG2.1.2.0
2024-10-03 08:05:18,956 [INFO] LogOutputStream:77 - [STDOUT_REDIRECT] 1 : Invalid condition id : UX_CORESTACK_Condition cause : null
2024-10-03 08:05:18,960 [INFO] LogOutputStream:77 - [STDOUT_REDIRECT] 1 : Invalid condition id : UX_CORESTACK_Condition cause : null
2024-10-03 08:05:18,960 [INFO] LogOutputStream:77 - [STDOUT_REDIRECT] 1 : Invalid condition id : UX_CORESTACK_Condition cause : null
2024-10-03 08:05:18,961 [INFO] LogOutputStream:77 - [STDOUT_REDIRECT] 1 : Invalid condition id : UX_CORESTACK_Condition cause : null
2024-10-03 08:05:18,961 [INFO] LogOutputStream:77 - [STDOUT_REDIRECT] 1 : Invalid condition id : UX_CORESTACK_Condition cause : null
2024-10-03 08:05:18,972 [WARN] PackLoader:240 - Cannot read IP mode file for STMicroelectronics.X-CUBE-AZRTOS-WL.2.0.0
2024-10-03 08:05:18,983 [WARN] PackLoader:240 - Cannot read IP mode file for STMicroelectronics.FP-SNS-MOTENV1.5.0.0
2024-10-03 08:05:18,990 [WARN] PackLoader:240 - Cannot read IP mode file for wolfSSL.I-CUBE-wolfMQTT.1.19.0
2024-10-03 08:05:19,004 [WARN] PackLoader:240 - Cannot read IP mode file for WES.I-CUBE-Cesium.1.3.0
2024-10-03 08:05:19,011 [WARN] PackLoader:240 - Cannot read IP mode file for STMicroelectronics.X-CUBE-BLE2.3.3.0
2024-10-03 08:05:19,026 [WARN] PackLoader:240 - Cannot read IP mode file for STMicroelectronics.X-CUBE-NFC9.1.0.0
2024-10-03 08:05:19,044 [WARN] PackLoader:240 - Cannot read IP mode file for STMicroelectronics.X-CUBE-TCPP.4.1.0
2024-10-03 08:05:19,084 [WARN] PackLoader:240 - Cannot read IP mode file for STMicroelectronics.X-CUBE-AZRTOS-G0.1.1.0
2024-10-03 08:05:19,102 [WARN] PackLoader:240 - Cannot read IP mode file for STMicroelectronics.X-CUBE-SAFEA1.1.2.2
2024-10-03 08:05:19,115 [WARN] PackLoader:240 - Cannot read IP mode file for STMicroelectronics.X-CUBE-NFC4.3.0.0
2024-10-03 08:05:19,126 [ERROR] Engine:466 - /Users/topsecret/.stm32cubemx/thirdparties/pdsc/EmbeddedOffice.I-CUBE-FS-RTOS.1.0.1.pdsc: PDSC version is not supported
2024-10-03 08:05:19,129 [ERROR] Engine:466 - /Users/topsecret/.stm32cubemx/thirdparties/pdsc/RealThread.X-CUBE-RT-Thread_Nano.4.1.1.pdsc: PDSC version is not supported
2024-10-03 08:05:19,137 [WARN] PackLoader:240 - Cannot read IP mode file for STMicroelectronics.FP-ATR-SIGFOX1.3.2.0
2024-10-03 08:05:19,146 [WARN] PackLoader:240 - Cannot read IP mode file for wolfSSL.I-CUBE-wolfSSL.5.7.2
2024-10-03 08:05:19,155 [WARN] PackLoader:240 - Cannot read IP mode file for STMicroelectronics.X-CUBE-EEPRMA1.5.1.0
2024-10-03 08:05:19,175 [WARN] PackLoader:240 - Cannot read IP mode file for ITTIA_DB.I-CUBE-ITTIADB.8.9.0
2024-10-03 08:05:19,251 [WARN] PackLoader:240 - Cannot read IP mode file for SEGGER.I-CUBE-embOS.1.3.1
2024-10-03 08:05:19,380 [WARN] PackLoader:240 - Cannot read IP mode file for STMicroelectronics.X-CUBE-ALGOBUILD.1.4.0
2024-10-03 08:05:19,394 [WARN] PackLoader:240 - Cannot read IP mode file for STMicroelectronics.X-CUBE-AI.9.1.0
2024-10-03 08:05:19,407 [WARN] PackLoader:240 - Cannot read IP mode file for STMicroelectronics.X-CUBE-GNSS1.6.0.0
2024-10-03 08:05:19,451 [WARN] PackLoader:240 - Cannot read IP mode file for STMicroelectronics.X-CUBE-AZRTOS-F4.1.1.0
2024-10-03 08:05:19,472 [WARN] PackLoader:240 - Cannot read IP mode file for STMicroelectronics.X-CUBE-ISPU.2.1.0
2024-10-03 08:05:19,486 [WARN] PackLoader:240 - Cannot read IP mode file for STMicroelectronics.X-CUBE-FREERTOS.1.2.0
2024-10-03 08:05:19,532 [WARN] PackLoader:240 - Cannot read IP mode file for STMicroelectronics.X-CUBE-AZRTOS-L5.2.0.0
2024-10-03 08:05:19,560 [WARN] PackLoader:240 - Cannot read IP mode file for STMicroelectronics.X-CUBE-NFC6.3.1.0
2024-10-03 08:05:19,576 [ERROR] Engine:466 - /Users/topsecret/.stm32cubemx/thirdparties/pdsc/STMicroelectronics.X-CUBE-DPower.1.2.0.pdsc: PDSC version is not supported
2024-10-03 08:05:19,582 [WARN] PackLoader:240 - Cannot read IP mode file for STMicroelectronics.X-CUBE-AI.9.0.0
2024-10-03 08:05:19,592 [WARN] PackLoader:240 - Cannot read IP mode file for STMicroelectronics.X-CUBE-NFC7.1.0.1
2024-10-03 08:05:19,649 [WARN] ConditionMgr:438 - getConditionDescription Invalid condition id : LAN8742 Phy interface Condition cause : null
2024-10-03 08:05:19,652 [WARN] PackLoader:240 - Cannot read IP mode file for STMicroelectronics.X-CUBE-AZRTOS-L4.2.0.0
2024-10-03 08:05:19,659 [WARN] ConditionMgr:1039 - genDependencies : Invalid condition id : LAN8742 Phy interface Condition cause : null
2024-10-03 08:05:19,660 [WARN] ConditionMgr:1039 - genDependencies : Invalid condition id : LAN8742 Phy interface Condition cause : null
2024-10-03 08:05:19,662 [WARN] ConditionMgr:1039 - genDependencies : Invalid condition id : LAN8742 Phy interface Condition cause : null
2024-10-03 08:05:19,678 [WARN] PackLoader:240 - Cannot read IP mode file for STMicroelectronics.X-CUBE-SFXS2LP1.4.0.0
2024-10-03 08:05:19,735 [WARN] PackLoader:240 - Cannot read IP mode file for STMicroelectronics.X-CUBE-AZRTOS-H7.3.3.0
2024-10-03 08:05:19,771 [WARN] ConditionMgr:438 - getConditionDescription Invalid condition id : UX DEVICE CLASS RTOS Condition cause : null
2024-10-03 08:05:19,771 [WARN] ConditionMgr:438 - getConditionDescription Invalid condition id : UX DEVICE CLASS RTOS Condition cause : null
2024-10-03 08:05:19,779 [WARN] PackLoader:240 - Cannot read IP mode file for STMicroelectronics.X-CUBE-AZRTOS-WB.2.0.0
2024-10-03 08:05:19,787 [WARN] ConditionMgr:1039 - genDependencies : Invalid condition id : UX DEVICE CLASS RTOS Condition cause : null
2024-10-03 08:05:19,789 [WARN] ConditionMgr:1039 - genDependencies : Invalid condition id : UX DEVICE CLASS RTOS Condition cause : null
2024-10-03 08:05:19,794 [WARN] ConditionMgr:1039 - genDependencies : Invalid condition id : UX DEVICE CLASS RTOS Condition cause : null
2024-10-03 08:05:19,795 [WARN] ConditionMgr:1039 - genDependencies : Invalid condition id : UX DEVICE CLASS RTOS Condition cause : null
2024-10-03 08:05:19,795 [WARN] ConditionMgr:1039 - genDependencies : Invalid condition id : UX DEVICE CLASS RTOS Condition cause : null
2024-10-03 08:05:19,813 [WARN] PackLoader:240 - Cannot read IP mode file for STMicroelectronics.X-CUBE-GNSS1.7.0.0
2024-10-03 08:05:19,823 [ERROR] Engine:466 - /Users/topsecret/.stm32cubemx/thirdparties/pdsc/STMicroelectronics.FP-SNS-STBOX1.2.0.0.pdsc: PDSC version is not supported
2024-10-03 08:05:19,846 [WARN] PackLoader:240 - Cannot read IP mode file for STMicroelectronics.X-CUBE-SUBG2.5.0.0
2024-10-03 08:05:19,897 [WARN] PackLoader:240 - Cannot read IP mode file for Cesanta.I-CUBE-Mongoose.7.13.0
2024-10-03 08:05:19,933 [WARN] PackLoader:240 - Cannot read IP mode file for STMicroelectronics.X-CUBE-AZRTOS-G4.2.0.0
2024-10-03 08:05:19,952 [WARN] PackLoader:240 - Cannot read IP mode file for STMicroelectronics.X-CUBE-ISPU.2.0.0
2024-10-03 08:05:19,959 [WARN] PackLoader:240 - Cannot read IP mode file for STMicroelectronics.X-CUBE-ALS.1.0.2
2024-10-03 08:05:19,964 [WARN] PackLoader:240 - Cannot read IP mode file for STMicroelectronics.X-CUBE-TOUCHGFX.4.24.0
2024-10-03 08:05:19,979 [WARN] PackLoader:240 - Cannot read IP mode file for STMicroelectronics.X-CUBE-TOUCHGFX.4.24.1
2024-10-03 08:05:19,987 [WARN] PackLoader:240 - Cannot read IP mode file for wolfSSL.I-CUBE-wolfTPM.3.4.0
2024-10-03 08:05:19,996 [WARN] PackLoader:240 - Cannot read IP mode file for portGmbH.I-Cube-SoM-uGOAL.1.1.0
2024-10-03 08:05:20,034 [WARN] PackLoader:240 - Cannot read IP mode file for STMicroelectronics.X-CUBE-AZRTOS-H7RS.1.0.0
2024-10-03 08:05:20,048 [WARN] PackLoader:240 - Cannot read IP mode file for STMicroelectronics.FP-ATR-ASTRA1.2.0.0
2024-10-03 08:05:20,054 [ERROR] Engine:466 - /Users/topsecret/.stm32cubemx/thirdparties/pdsc/STMicroelectronics.X-CUBE-TOF1.3.4.2.pdsc: PDSC version is not supported
2024-10-03 08:05:20,060 [ERROR] Engine:466 - /Users/topsecret/.stm32cubemx/thirdparties/pdsc/Infineon.AIROC-Wi-Fi-Bluetooth-STM32.1.6.1.pdsc: PDSC version is not supported
2024-10-03 08:05:20,065 [WARN] PackLoader:240 - Cannot read IP mode file for wolfSSL.I-CUBE-wolfSSH.1.4.17
2024-10-03 08:05:20,069 [INFO] ThirdParty:978 - Integrity check success = true
2024-10-03 08:05:20,070 [INFO] IntegrityCheckThread:100 - exiting critical section [integrity check]
2024-10-03 08:05:20,070 [INFO] IntegrityCheckThread:103 - End integrity checks thread
2024-10-03 08:05:33,010 [ERROR] LogOutputStream:75 - [STDERR_REDIRECT] SLF4J: Failed to load class "org.slf4j.impl.StaticLoggerBinder".
2024-10-03 08:05:33,013 [ERROR] LogOutputStream:75 - [STDERR_REDIRECT] SLF4J: Defaulting to no-operation (NOP) logger implementation
2024-10-03 08:05:33,014 [ERROR] LogOutputStream:75 - [STDERR_REDIRECT] SLF4J: See http://www.slf4j.org/codes.html#StaticLoggerBinder for further details.
2024-10-03 08:10:36,585 [INFO] McuFinderGlobals:63 - Set McuFinder mode to 2 (CubeIDE integrated)
2024-10-03 08:10:41,143 [INFO] MainUpdater:2868 - connection check result : 10
2024-10-03 08:10:41,145 [INFO] MainUpdater:2868 - connection check result : 10
2024-10-03 08:10:42,229 [INFO] MicroXplorer:468 - Change Database Path : 
2024-10-03 08:10:42,230 [INFO] MicroXplorer:498 - Change Database Version : DB.6.0.92
2024-10-03 08:10:42,233 [WARN] ThirdParty:871 - waiting for thirdparty lock release [close project]
2024-10-03 08:10:42,233 [INFO] ThirdParty:873 - entering critical section [close project]
2024-10-03 08:10:42,243 [INFO] ThirdParty:883 - exiting critical section [close project]
2024-10-03 08:10:42,250 [INFO] PinOutPanel:1499 - setPackage(No Configuration,No Configuration)
2024-10-03 08:10:42,307 [INFO] UtilMem:75 - Begin LoadConfig() Used Memory: 687567600 Bytes (1073741824)
2024-10-03 08:10:42,308 [INFO] MicroXplorer:468 - Change Database Path : 
2024-10-03 08:10:42,309 [INFO] MicroXplorer:498 - Change Database Version : DB.6.0.92
2024-10-03 08:10:42,309 [INFO] OpenFileManager:308 - Change cursor
2024-10-03 08:10:42,419 [INFO] Mcu:1946 - Initializing MCU STM32F030R8Tx STM32F030R8Tx STM32F030R8T6
2024-10-03 08:10:44,294 [INFO] Context:659 - Trying to add GPIOservice into a context  which must be forbidden
2024-10-03 08:10:45,304 [INFO] RtosManager:555 - Registered RTOS mode: class=CMSIS, group=RTOS, mode=CMSIS_V1, owner=FREERTOS
2024-10-03 08:10:45,304 [INFO] RtosManager:555 - Registered RTOS mode: class=CMSIS, group=RTOS2, mode=CMSIS_V2, owner=FREERTOS
2024-10-03 08:10:45,304 [INFO] RtosManager:555 - Registered RTOS mode: class=RTOS, group=Core, mode=CMSIS_V1, owner=FREERTOS
2024-10-03 08:10:45,304 [INFO] RtosManager:555 - Registered RTOS mode: class=RTOS, group=Core, mode=CMSIS_V2, owner=FREERTOS
2024-10-03 08:10:45,305 [WARN] ModelIntegratedComponent:184 - Missing modes for component STMicroelectronics:FreeRTOS:0.0.1:STMicroelectronics:RTOS:FreeRTOS:Core:::10.2.0:
2024-10-03 08:10:45,324 [WARN] ModelIntegratedComponent:63 - No mode defined for component null
2024-10-03 08:10:45,324 [WARN] ModelIntegratedComponent:63 - No mode defined for component null
2024-10-03 08:10:45,324 [WARN] ModelIntegratedComponent:63 - No mode defined for component null
2024-10-03 08:10:45,324 [WARN] ModelIntegratedComponent:63 - No mode defined for component null
2024-10-03 08:10:45,324 [WARN] ModelIntegratedComponent:63 - No mode defined for component null
2024-10-03 08:10:45,325 [WARN] ModelIntegratedComponent:63 - No mode defined for component null
2024-10-03 08:10:45,325 [WARN] ModelIntegratedComponent:63 - No mode defined for component null
2024-10-03 08:10:45,325 [WARN] ModelIntegratedComponent:63 - No mode defined for component null
2024-10-03 08:10:45,325 [WARN] ModelIntegratedComponent:63 - No mode defined for component null
2024-10-03 08:10:45,325 [WARN] ModelIntegratedComponent:63 - No mode defined for component null
2024-10-03 08:10:45,325 [WARN] ModelIntegratedComponent:63 - No mode defined for component null
2024-10-03 08:10:45,325 [WARN] ModelIntegratedComponent:63 - No mode defined for component null
2024-10-03 08:10:45,325 [WARN] ModelIntegratedComponent:63 - No mode defined for component null
2024-10-03 08:10:45,325 [WARN] ModelIntegratedComponent:63 - No mode defined for component null
2024-10-03 08:10:45,325 [WARN] ModelIntegratedComponent:63 - No mode defined for component null
2024-10-03 08:10:45,325 [WARN] ModelIntegratedComponent:63 - No mode defined for component null
2024-10-03 08:10:45,325 [WARN] ModelIntegratedComponent:63 - No mode defined for component null
2024-10-03 08:10:45,325 [WARN] ModelIntegratedComponent:63 - No mode defined for component null
2024-10-03 08:10:45,325 [WARN] ModelIntegratedComponent:63 - No mode defined for component null
2024-10-03 08:10:45,325 [WARN] ModelIntegratedComponent:63 - No mode defined for component null
2024-10-03 08:10:45,325 [WARN] ModelIntegratedComponent:63 - No mode defined for component null
2024-10-03 08:10:45,325 [WARN] ModelIntegratedComponent:63 - No mode defined for component null
2024-10-03 08:10:45,325 [WARN] ModelIntegratedComponent:63 - No mode defined for component null
2024-10-03 08:10:45,325 [WARN] ModelIntegratedComponent:63 - No mode defined for component null
2024-10-03 08:10:45,325 [WARN] ModelIntegratedComponent:63 - No mode defined for component null
2024-10-03 08:10:45,325 [WARN] ModelIntegratedComponent:63 - No mode defined for component null
2024-10-03 08:10:45,325 [WARN] ModelIntegratedComponent:63 - No mode defined for component null
2024-10-03 08:10:45,325 [WARN] ModelIntegratedComponent:63 - No mode defined for component null
2024-10-03 08:10:45,325 [WARN] ModelIntegratedComponent:63 - No mode defined for component null
2024-10-03 08:10:45,326 [WARN] ModelIntegratedComponent:63 - No mode defined for component null
2024-10-03 08:10:45,326 [WARN] ModelIntegratedComponent:63 - No mode defined for component null
2024-10-03 08:10:45,326 [WARN] ModelIntegratedComponent:63 - No mode defined for component null
2024-10-03 08:10:45,326 [WARN] ModelIntegratedComponent:63 - No mode defined for component null
2024-10-03 08:10:45,378 [INFO] ThirdPartyModel:298 - Start build external matchings
2024-10-03 08:10:45,731 [INFO] ThirdPartyModel:316 - End build external matchings
2024-10-03 08:10:45,774 [INFO] ImportTextPane:194 - (OptionalMessage_ERROR) IP (RCC) : Invalid parameter (FamilyName)
2024-10-03 08:10:46,453 [INFO] UtilMem:75 - End LoadConfig() Used Memory: 665217248 Bytes (1073741824)
2024-10-03 08:10:47,552 [INFO] ApiDb:581 - Connected to CubeFinder SQLite database (/Users/topsecret/.stmcufinder/plugins/mcufinder/mcu/cube-finder-db.db)
2024-10-03 08:10:47,656 [INFO] ApiDb:668 - CubeFinder database Data Model version=2.1
2024-10-03 08:10:47,656 [INFO] ApiDb:669 - CubeFinder database Configuration version=3.0.39
2024-10-03 08:10:47,658 [INFO] ApiDb:670 - CubeFinder database generation date=2024-09-16 (1726485674)
2024-10-03 08:10:47,659 [INFO] ApiDb:671 - CubeFinder database FW Pack versions=[FP-ATR-ASTRA1_V2.0.0, FP-SNS-FLIGHT1_V5.0.2, FP-SNS-MOTENV1_V5.0.0, FP-SNS-MOTENVWB1_V1.4.0, FP-SNS-SMARTAG2_V1.2.0, FP-SNS-STBOX1_V2.0.0, STM32Cube_FW_C0_V1.2.0, STM32Cube_FW_F4_V1.28.1, STM32Cube_FW_F7_V1.17.2, STM32Cube_FW_G0_V1.6.2, STM32Cube_FW_G4_V1.6.0, STM32Cube_FW_H5_V1.3.0, STM32Cube_FW_H7RS_V1.1.0, STM32Cube_FW_H7_V1.11.2, STM32Cube_FW_L0_V1.12.2, STM32Cube_FW_L5_V1.5.1, STM32Cube_FW_U0_V1.1.0, STM32Cube_FW_U5_V1.6.0, STM32Cube_FW_WB0_V1.0.0, STM32Cube_FW_WBA_V1.4.1, STM32Cube_FW_WB_V1.20.0, STM32Cube_FW_WL_V1.3.0, X-CUBE-ALGOBUILD_V1.4.0, X-CUBE-ALS_V1.0.2, X-CUBE-AZRTOS-F4_V1.1.0, X-CUBE-AZRTOS-F7_V1.1.0, X-CUBE-AZRTOS-G0_V1.1.0, X-CUBE-AZRTOS-G4_V2.0.0, X-CUBE-AZRTOS-H7RS_V1.0.0, X-CUBE-AZRTOS-H7_V3.2.0, X-CUBE-AZRTOS-L4_V2.0.0, X-CUBE-AZRTOS-L5_V2.0.0, X-CUBE-AZRTOS-WB_V2.0.0, X-CUBE-AZRTOS-WL_V2.0.0, X-CUBE-BLE1_V7.0.0, X-CUBE-BLE2_V3.3.0, X-CUBE-BLEMGR_V3.1.0, X-CUBE-EEPRMA1_V5.1.0, X-CUBE-FREERTOS_V1.2.0, X-CUBE-GNSS1_V6.0.0, X-CUBE-MEMS1_V11.0.0, X-CUBE-NFC4_V3.0.0, X-CUBE-NFC7_V1.0.1, X-CUBE-SFXS2LP1_V4.0.0, X-CUBE-SUBG2_V5.0.0, X-CUBE-TOF1_V3.4.2]
2024-10-03 08:10:50,352 [INFO] ApiDb:240 - Found 323 in-development CPN: [B-G473E-ZEST1S, B-WB1M-WPAN1, B-WL5M-SUBG1, NUCLEO-C031C6, NUCLEO-H503RB, NUCLEO-H563ZI, NUCLEO-U545RE-Q, NUCLEO-U5A5ZJ-Q, NUCLEO-WBA52CG, STEVAL-PROTEUS1, STEVAL-SMARTAG2, STEVAL-STWINBX1, STM320518-EVAL, STM32C0116-DK, STM32C011D6Y3TR, STM32C011D6Y6TR, STM32C011F4P3, STM32C011F4P6, STM32C011F4U3, STM32C011F4U6TR, STM32C011F6P3, STM32C011F6P6, STM32C011F6U3, STM32C011F6U6TR, STM32C011J4M3, STM32C011J4M6, STM32C011J6M3, STM32C011J6M6, STM32C0316-DK, STM32C031C4T3, STM32C031C4T6, STM32C031C4U3, STM32C031C4U6, STM32C031C6T3, STM32C031C6T6, STM32C031C6U3, STM32C031C6U6, STM32C031F4P3, STM32C031F4P6, STM32C031F6P3, STM32C031F6P6, STM32C031G4U3, STM32C031G4U6, STM32C031G6U3, STM32C031G6U6, STM32C031K4T3, STM32C031K4T6, STM32C031K4U3, STM32C031K4U6, STM32C031K6T3, STM32C031K6T6, STM32C031K6U3, STM32C031K6U6, STM32G071K8TXN, STM32G071K8UXN, STM32G081GBU6N, STM32G081KBT6N, STM32G081KBUXN, STM32G0B1CCT6N, STM32G0B1KCT6, STM32G0B1NEY6TR, STM32G0B1RCT6N, STM32G0C1CCT6, STM32G0C1CCT6N, STM32G0C1CCU6N, STM32G0C1CET6N, STM32G0C1CEU6N, STM32G0C1KCT6, STM32G0C1NEY6TR, STM32G0C1RCI6N, STM32G0C1RCT6N, STM32G0C1REI6N, STM32G0C1RET6N, STM32G0C1VCI6, STM32G0C1VEI6, STM32G471CCT6, STM32G471CCU6, STM32G471CET3, STM32G471CET6, STM32G471CEU3, STM32G471CEU6, STM32G471MCT6, STM32G471MET3, STM32G471MET6, STM32G471MEY6TR, STM32G471QCT6, STM32G471QET3, STM32G471RCT6, STM32G471RET3, STM32G471RET6, STM32G471VCH6, STM32G471VCI6, STM32G471VCT6, STM32G471VEH3, STM32G471VEH6, STM32G471VEI3, STM32G471VEI6, STM32G471VET3, STM32G471VET6, STM32G474CCT6, STM32H503CBT6, STM32H503CBU6, STM32H503EBY6TR, STM32H503KBU6, STM32H503RBT6, STM32H562AGI6, STM32H562AII6, STM32H562IGK6, STM32H562IGT6, STM32H562IIK6, STM32H562IIT6, STM32H562RGT6, STM32H562RGV6, STM32H562RIT6, STM32H562RIV6, STM32H562VGT6, STM32H562VIT6, STM32H562ZGT6, STM32H562ZIT6, STM32H563AGI6, STM32H563AII3Q, STM32H563AII6, STM32H563IGK6, STM32H563IGT6, STM32H563IIK3Q, STM32H563IIK6, STM32H563IIT3Q, STM32H563IIT6, STM32H563MIY3QTR, STM32H563RGT6, STM32H563RGV6, STM32H563RIT6, STM32H563RIV6, STM32H563VGT6, STM32H563VIT3Q, STM32H563VIT6, STM32H563ZGT6, STM32H563ZIT3Q, STM32H563ZIT6, STM32H573AII3Q, STM32H573AII6, STM32H573I-DK, STM32H573IIK3Q, STM32H573IIK6, STM32H573IIT3Q, STM32H573IIT6, STM32H573MIY3QTR, STM32H573RIT6, STM32H573RIV6, STM32H573VIT3Q, STM32H573VIT6, STM32H573ZIT3Q, STM32H573ZIT6, STM32L4R5QGI6STR, STM32MP131AAE3, STM32MP131AAF3, STM32MP131AAG3, STM32MP131CAE3, STM32MP131CAF3, STM32MP131CAG3, STM32MP131DAE7, STM32MP131DAF7, STM32MP131DAG7, STM32MP131FAE7, STM32MP131FAF7, STM32MP131FAG7, STM32MP133AAE3, STM32MP133AAF3, STM32MP133AAG3, STM32MP133CAE3, STM32MP133CAF3, STM32MP133CAG3, STM32MP133DAE7, STM32MP133DAF7, STM32MP133DAG7, STM32MP133FAE7, STM32MP133FAF7, STM32MP133FAG7, STM32MP135AAE3, STM32MP135AAF3, STM32MP135AAG3, STM32MP135CAE3, STM32MP135CAF3, STM32MP135CAG3, STM32MP135DAE7, STM32MP135DAF7, STM32MP135DAG7, STM32MP135F-DK, STM32MP135FAE7, STM32MP135FAF7, STM32MP135FAF7T, STM32MP135FAF7U, STM32MP135FAG7, STM32U535CBT6, STM32U535CBT6Q, STM32U535CBU6, STM32U535CBU6Q, STM32U535CCT6, STM32U535CCT6Q, STM32U535CCU6, STM32U535CCU6Q, STM32U535CET6, STM32U535CET6Q, STM32U535CEU6, STM32U535CEU6Q, STM32U535JEY6QTR, STM32U535NCY6QTR, STM32U535NEY6QTR, STM32U535RBI6, STM32U535RBI6Q, STM32U535RBT6, STM32U535RBT6Q, STM32U535RCI6, STM32U535RCI6Q, STM32U535RCT6, STM32U535RCT6Q, STM32U535REI6, STM32U535REI6Q, STM32U535RET6, STM32U535RET6Q, STM32U535VCI6, STM32U535VCI6Q, STM32U535VCT6, STM32U535VCT6Q, STM32U535VEI6, STM32U535VEI6Q, STM32U535VET6, STM32U535VET6Q, STM32U545CET6, STM32U545CET6Q, STM32U545CEU6, STM32U545CEU6Q, STM32U545JEY6QTR, STM32U545NEY6QTR, STM32U545REI6, STM32U545REI6Q, STM32U545RET6, STM32U545RET6Q, STM32U545VEI6, STM32U545VEI6Q, STM32U545VET6, STM32U545VET6Q, STM32U595AIH6, STM32U595AIH6Q, STM32U595AJH6, STM32U595AJH6Q, STM32U595QII6, STM32U595QII6Q, STM32U595QJI6, STM32U595QJI6Q, STM32U595RIT6, STM32U595RIT6Q, STM32U595RJT6, STM32U595RJT6Q, STM32U595VIT6, STM32U595VIT6Q, STM32U595VJT6, STM32U595VJT6Q, STM32U595ZIT6, STM32U595ZIT6Q, STM32U595ZIY6QTR, STM32U595ZJT6, STM32U595ZJT6Q, STM32U595ZJY6QTR, STM32U599BJY6QTR, STM32U599NIH6Q, STM32U599NJH6Q, STM32U599VIT6Q, STM32U599VJT6, STM32U599VJT6Q, STM32U599ZIT6Q, STM32U599ZIY6QTR, STM32U599ZJT6Q, STM32U599ZJY6QTR, STM32U5A5AJH6, STM32U5A5AJH6Q, STM32U5A5QJI6, STM32U5A5QJI6Q, STM32U5A5RJT6, STM32U5A5RJT6Q, STM32U5A5VJT6, STM32U5A5VJT6Q, STM32U5A5ZJT6, STM32U5A5ZJT6Q, STM32U5A5ZJY6QTR, STM32U5A9BJY6QTR, STM32U5A9J-DK, STM32U5A9NJH6Q, STM32U5A9VJT6Q, STM32U5A9ZJT6Q, STM32U5A9ZJY6QTR, STM32U5F7VIT6, STM32U5F7VIT6Q, STM32U5F7VJT6, STM32U5F7VJT6Q, STM32U5F9BJY6QTR, STM32U5F9NJH6Q, STM32U5F9VIT6Q, STM32U5F9VJT6Q, STM32U5F9ZIJ6QTR, STM32U5F9ZIT6Q, STM32U5F9ZJJ6QTR, STM32U5F9ZJT6Q, STM32U5G7VJT6, STM32U5G7VJT6Q, STM32U5G9BJY6QTR, STM32U5G9J-DK1, STM32U5G9J-DK2, STM32U5G9NJH6Q, STM32U5G9VJT6Q, STM32U5G9ZJJ6QTR, STM32U5G9ZJT6Q, STM32WB1MMCH6, STM32WBA52CEU6, STM32WBA52CEU6T, STM32WBA52CGU6, STM32WBA52CGU6T, STM32WBA52KEU6, STM32WBA52KEU6T, STM32WBA52KGU6, STM32WBA52KGU6T, STM32WL5MOCH6, STM32WL5MOCH6TR]
2024-10-03 08:10:50,360 [INFO] DbMcus:217 - Found 4187 MCUs, 4187 are supported
2024-10-03 08:10:50,363 [INFO] ApiDb:423 - Load user favorites file /Users/topsecret/.stm32cubeide/favorites.mcus.txt: 0 item(s)
2024-10-03 08:10:50,363 [INFO] ApiDb:427 - User favorites MCUs=[]
2024-10-03 08:10:50,363 [INFO] DbMcus:223 - Set 0 / 0 favorites MCUs
2024-10-03 08:10:50,983 [WARN] ThirdParty:833 - waiting for thirdparty lock release [change project]
2024-10-03 08:10:50,983 [INFO] ThirdParty:835 - entering critical section [change project]
2024-10-03 08:10:50,983 [INFO] ThirdParty:1030 - CMSIS Pack Vendor :STMicroelectronics USBPD 4.1
2024-10-03 08:10:50,984 [INFO] ThirdParty:1030 - CMSIS Pack Vendor :STMicroelectronics X-CUBE-AZRTOS-H7 3.3.0
2024-10-03 08:10:50,984 [INFO] ThirdParty:1030 - CMSIS Pack Vendor :STMicroelectronics X-CUBE-NFC9 1.0.0
2024-10-03 08:10:50,984 [INFO] ThirdParty:1030 - CMSIS Pack Vendor :STMicroelectronics X-CUBE-GNSS1 6.0.0
2024-10-03 08:10:50,984 [INFO] ThirdParty:1030 - CMSIS Pack Vendor :STMicroelectronics USB_HOST 2.0.0
2024-10-03 08:10:50,984 [INFO] ThirdParty:1030 - CMSIS Pack Vendor :STMicroelectronics FP-SNS-MOTENVWB1 1.4.0
2024-10-03 08:10:50,984 [INFO] ThirdParty:1030 - CMSIS Pack Vendor :STMicroelectronics X-CUBE-AZRTOS-F4 1.1.0
2024-10-03 08:10:50,984 [INFO] ThirdParty:1030 - CMSIS Pack Vendor :STMicroelectronics LIBJPEG 8.0.0
2024-10-03 08:10:50,984 [INFO] ThirdParty:1030 - CMSIS Pack Vendor :STMicroelectronics X-CUBE-SMBUS 2.1.0
2024-10-03 08:10:50,984 [INFO] ThirdParty:1030 - CMSIS Pack Vendor :STMicroelectronics USB_DEVICE 3.0.0
2024-10-03 08:10:50,984 [INFO] ThirdParty:1030 - CMSIS Pack Vendor :STMicroelectronics X-CUBE-TCPP 4.1.0
2024-10-03 08:10:50,984 [INFO] ThirdParty:1030 - CMSIS Pack Vendor :STMicroelectronics X-CUBE-ISPU 2.1.0
2024-10-03 08:10:50,984 [INFO] ThirdParty:1030 - CMSIS Pack Vendor :STMicroelectronics X-CUBE-FREERTOS 1.2.0
2024-10-03 08:10:50,984 [INFO] ThirdParty:1030 - CMSIS Pack Vendor :STMicroelectronics X-CUBE-AZRTOS-WB 2.0.0
2024-10-03 08:10:50,984 [INFO] ThirdParty:1030 - CMSIS Pack Vendor :STMicroelectronics X-CUBE-GNSS1 7.0.0
2024-10-03 08:10:50,984 [INFO] ThirdParty:1030 - CMSIS Pack Vendor :STMicroelectronics X-CUBE-AZRTOS-F7 1.1.0
2024-10-03 08:10:50,984 [INFO] ThirdParty:1030 - CMSIS Pack Vendor :STMicroelectronics X-CUBE-AZRTOS-L5 2.0.0
2024-10-03 08:10:50,984 [INFO] ThirdParty:1030 - CMSIS Pack Vendor :STMicroelectronics USB_DEVICE 2.0.0
2024-10-03 08:10:50,984 [INFO] ThirdParty:1030 - CMSIS Pack Vendor :STMicroelectronics X-CUBE-NFC6 3.1.0
2024-10-03 08:10:50,985 [INFO] ThirdParty:1030 - CMSIS Pack Vendor :STMicroelectronics X-CUBE-MEMS1 11.0.0
2024-10-03 08:10:50,985 [INFO] ThirdParty:1030 - CMSIS Pack Vendor :STMicroelectronics FreeRTOS 0.0.1
2024-10-03 08:10:50,985 [INFO] ThirdParty:1030 - CMSIS Pack Vendor :STMicroelectronics X-CUBE-AZRTOS-G0 1.1.0
2024-10-03 08:10:50,985 [INFO] ThirdParty:1030 - CMSIS Pack Vendor :STMicroelectronics X-CUBE-SAFEA1 1.2.2
2024-10-03 08:10:50,985 [INFO] ThirdParty:1030 - CMSIS Pack Vendor :STMicroelectronics X-CUBE-NFC4 3.0.0
2024-10-03 08:10:50,986 [INFO] ThirdParty:1030 - CMSIS Pack Vendor :STMicroelectronics X-CUBE-SUBG2 5.0.0
2024-10-03 08:10:50,986 [INFO] ThirdParty:1030 - CMSIS Pack Vendor :STMicroelectronics STM32_WPAN 1.0.0
2024-10-03 08:10:50,986 [INFO] ThirdParty:1030 - CMSIS Pack Vendor :STMicroelectronics lwIP 2.0.3
2024-10-03 08:10:50,986 [INFO] ThirdParty:1030 - CMSIS Pack Vendor :STMicroelectronics FP-SNS-FLIGHT1 5.0.2
2024-10-03 08:10:50,986 [INFO] ThirdParty:1030 - CMSIS Pack Vendor :Cesanta I-CUBE-Mongoose 7.13.0
2024-10-03 08:10:50,986 [INFO] ThirdParty:1030 - CMSIS Pack Vendor :STMicroelectronics USB_HOST 1.0.0
2024-10-03 08:10:50,986 [INFO] ThirdParty:1030 - CMSIS Pack Vendor :STMicroelectronics X-CUBE-AI 9.0.0
2024-10-03 08:10:50,986 [INFO] ThirdParty:1030 - CMSIS Pack Vendor :STMicroelectronics X-CUBE-AZRTOS-G4 2.0.0
2024-10-03 08:10:50,986 [INFO] ThirdParty:1030 - CMSIS Pack Vendor :STMicroelectronics PDM2PCM 3.1.0
2024-10-03 08:10:50,986 [INFO] ThirdParty:1030 - CMSIS Pack Vendor :STMicroelectronics PDM2PCM 3.3.0
2024-10-03 08:10:50,986 [INFO] ThirdParty:1030 - CMSIS Pack Vendor :STMicroelectronics X-CUBE-DISPLAY 3.0.0
2024-10-03 08:10:50,987 [INFO] ThirdParty:1030 - CMSIS Pack Vendor :STMicroelectronics X-CUBE-BLE1 7.0.0
2024-10-03 08:10:50,987 [INFO] ThirdParty:1030 - CMSIS Pack Vendor :STMicroelectronics FP-ATR-SIGFOX1 3.2.0
2024-10-03 08:10:50,987 [INFO] ThirdParty:1030 - CMSIS Pack Vendor :STMicroelectronics X-CUBE-NFC10 1.0.0
2024-10-03 08:10:50,987 [INFO] ThirdParty:1030 - CMSIS Pack Vendor :wolfSSL I-CUBE-wolfSSL 5.7.2
2024-10-03 08:10:50,987 [INFO] ThirdParty:1030 - CMSIS Pack Vendor :STMicroelectronics X-CUBE-ISPU 2.0.0
2024-10-03 08:10:50,987 [INFO] ThirdParty:1030 - CMSIS Pack Vendor :STMicroelectronics X-CUBE-EEPRMA1 5.1.0
2024-10-03 08:10:50,987 [INFO] ThirdParty:1030 - CMSIS Pack Vendor :STMicroelectronics HAL Drivers 0.0.0
2024-10-03 08:10:50,987 [INFO] ThirdParty:1030 - CMSIS Pack Vendor :STMicroelectronics MBEDTLS 2.16.2
2024-10-03 08:10:50,987 [INFO] ThirdParty:1030 - CMSIS Pack Vendor :STMicroelectronics X-CUBE-ALS 1.0.2
2024-10-03 08:10:50,987 [INFO] ThirdParty:1030 - CMSIS Pack Vendor :emotas I-CUBE-CANOPEN 1.3.0
2024-10-03 08:10:50,987 [INFO] ThirdParty:1030 - CMSIS Pack Vendor :STMicroelectronics X-CUBE-NFC7 1.0.1
2024-10-03 08:10:50,987 [INFO] ThirdParty:1030 - CMSIS Pack Vendor :STMicroelectronics MBEDTLS 2.14.1
2024-10-03 08:10:50,988 [INFO] ThirdParty:1030 - CMSIS Pack Vendor :STMicroelectronics X-CUBE-TOUCHGFX 4.24.0
2024-10-03 08:10:50,988 [INFO] ThirdParty:1030 - CMSIS Pack Vendor :ITTIA_DB I-CUBE-ITTIADB 8.9.0
2024-10-03 08:10:50,988 [INFO] ThirdParty:1030 - CMSIS Pack Vendor :STMicroelectronics X-CUBE-TOUCHGFX 4.24.1
2024-10-03 08:10:50,988 [INFO] ThirdParty:1030 - CMSIS Pack Vendor :wolfSSL I-CUBE-wolfTPM 3.4.0
2024-10-03 08:10:50,988 [INFO] ThirdParty:1030 - CMSIS Pack Vendor :portGmbH I-Cube-SoM-uGOAL 1.1.0
2024-10-03 08:10:50,988 [INFO] ThirdParty:1030 - CMSIS Pack Vendor :STMicroelectronics X-CUBE-BLEMGR 3.1.0
2024-10-03 08:10:50,988 [INFO] ThirdParty:1030 - CMSIS Pack Vendor :STMicroelectronics ThreadX 1.0.0
2024-10-03 08:10:50,988 [INFO] ThirdParty:1030 - CMSIS Pack Vendor :STMicroelectronics FP-SNS-SMARTAG2 1.2.0
2024-10-03 08:10:50,988 [INFO] ThirdParty:1030 - CMSIS Pack Vendor :STMicroelectronics X-CUBE-AZRTOS-WL 2.0.0
2024-10-03 08:10:50,988 [INFO] ThirdParty:1030 - CMSIS Pack Vendor :SEGGER I-CUBE-embOS 1.3.1
2024-10-03 08:10:50,988 [INFO] ThirdParty:1030 - CMSIS Pack Vendor :STMicroelectronics X-CUBE-ALGOBUILD 1.4.0
2024-10-03 08:10:50,988 [INFO] ThirdParty:1030 - CMSIS Pack Vendor :STMicroelectronics FP-SNS-MOTENV1 5.0.0
2024-10-03 08:10:50,988 [INFO] ThirdParty:1030 - CMSIS Pack Vendor :STMicroelectronics USB_DEVICE 1.0.0
2024-10-03 08:10:50,988 [INFO] ThirdParty:1030 - CMSIS Pack Vendor :STMicroelectronics X-CUBE-AZRTOS-H7RS 1.0.0
2024-10-03 08:10:50,988 [INFO] ThirdParty:1030 - CMSIS Pack Vendor :wolfSSL I-CUBE-wolfMQTT 1.19.0
2024-10-03 08:10:50,988 [INFO] ThirdParty:1030 - CMSIS Pack Vendor :STMicroelectronics X-CUBE-AZRTOS-L4 2.0.0
2024-10-03 08:10:50,988 [INFO] ThirdParty:1030 - CMSIS Pack Vendor :STMicroelectronics ThreadX 0.0.2
2024-10-03 08:10:50,988 [INFO] ThirdParty:1030 - CMSIS Pack Vendor :WES I-CUBE-Cesium 1.3.0
2024-10-03 08:10:50,988 [INFO] ThirdParty:1030 - CMSIS Pack Vendor :STMicroelectronics FP-ATR-ASTRA1 2.0.0
2024-10-03 08:10:50,988 [INFO] ThirdParty:1030 - CMSIS Pack Vendor :STMicroelectronics lwIP 2.1.2
2024-10-03 08:10:50,988 [INFO] ThirdParty:1030 - CMSIS Pack Vendor :STMicroelectronics X-CUBE-SFXS2LP1 4.0.0
2024-10-03 08:10:50,988 [INFO] ThirdParty:1030 - CMSIS Pack Vendor :STMicroelectronics X-CUBE-BLE2 3.3.0
2024-10-03 08:10:50,989 [INFO] ThirdParty:1030 - CMSIS Pack Vendor :STMicroelectronics X-CUBE-AI 9.1.0
2024-10-03 08:10:50,989 [INFO] ThirdParty:1030 - CMSIS Pack Vendor :STMicroelectronics PDM2PCM 3.2.0
2024-10-03 08:10:50,989 [INFO] ThirdParty:1030 - CMSIS Pack Vendor :wolfSSL I-CUBE-wolfSSH 1.4.17
2024-10-03 08:10:50,993 [INFO] ThirdParty:841 - exiting critical section [change project]
2024-10-03 08:10:51,705 [INFO] PinOutPanel:1499 - setPackage(No Configuration,No Configuration)
2024-10-03 08:10:51,713 [INFO] PinOutPanel:1499 - setPackage(STM32F030R8Tx,LQFP64)
2024-10-03 08:10:52,576 [INFO] UtilMem:75 - Before build in PCC Used Memory: 680927544 Bytes (1073741824)
2024-10-03 08:10:54,643 [INFO] UtilMem:75 - After build in PCC Used Memory: 872597080 Bytes (1073741824)
2024-10-03 08:10:54,765 [INFO] IPUIPlugin:80 - create IPUIPlugin
2024-10-03 08:10:54,769 [INFO] IPUIPlugin:80 - create IPUIPlugin
2024-10-03 08:10:54,769 [INFO] IPUIPlugin:80 - create IPUIPlugin
2024-10-03 08:10:54,769 [INFO] IPUIPlugin:80 - create IPUIPlugin
2024-10-03 08:10:54,769 [INFO] IPUIPlugin:80 - create IPUIPlugin
2024-10-03 08:10:54,770 [INFO] IPUIPlugin:80 - create IPUIPlugin
2024-10-03 08:10:54,770 [INFO] IPUIPlugin:80 - create IPUIPlugin
2024-10-03 08:10:54,770 [INFO] IPUIPlugin:80 - create IPUIPlugin
2024-10-03 08:10:54,771 [INFO] IPUIPlugin:80 - create IPUIPlugin
2024-10-03 08:10:54,771 [INFO] IPUIPlugin:80 - create IPUIPlugin
2024-10-03 08:10:54,771 [INFO] IPUIPlugin:80 - create IPUIPlugin
2024-10-03 08:10:54,771 [INFO] IPUIPlugin:80 - create IPUIPlugin
2024-10-03 08:10:54,771 [INFO] IPUIPlugin:80 - create IPUIPlugin
2024-10-03 08:10:54,771 [INFO] IPUIPlugin:80 - create IPUIPlugin
2024-10-03 08:10:54,772 [INFO] IPUIPlugin:80 - create IPUIPlugin
2024-10-03 08:10:54,772 [INFO] IPUIPlugin:80 - create IPUIPlugin
2024-10-03 08:10:54,772 [INFO] IPUIPlugin:80 - create IPUIPlugin
2024-10-03 08:10:54,772 [INFO] IPUIPlugin:80 - create IPUIPlugin
2024-10-03 08:10:54,778 [INFO] IPUIPlugin:80 - create IPUIPlugin
2024-10-03 08:10:54,779 [INFO] IPUIPlugin:80 - create IPUIPlugin
2024-10-03 08:10:54,780 [INFO] IPUIPlugin:80 - create IPUIPlugin
2024-10-03 08:10:54,780 [INFO] IPUIPlugin:80 - create IPUIPlugin
2024-10-03 08:10:54,780 [INFO] IPUIPlugin:80 - create IPUIPlugin
2024-10-03 08:10:54,780 [INFO] IPUIPlugin:80 - create IPUIPlugin
2024-10-03 08:10:54,780 [INFO] IPUIPlugin:80 - create IPUIPlugin
2024-10-03 08:10:54,781 [INFO] IPUIPlugin:80 - create IPUIPlugin
2024-10-03 08:10:55,461 [INFO] CADModel:165 - CPN selected for project levelSTM32F030R8T6
2024-10-03 08:10:55,463 [INFO] CADModel:114 - Register for checkConnection events
2024-10-03 08:10:55,539 [INFO] OpenFileManager:328 - Restore cursor
2024-10-03 08:12:41,156 [INFO] Gpio:273 - dependency for GPIO [RCC, SYS, USART2]
