09:24:06 **** Incremental Build of configuration Debug for project cvika4 ****
make -j7 all 
arm-none-eabi-size   cvika4.elf 
   text	   data	    bss	    dec	    hex	filename
  17468	     20	   1796	  19284	   4b54	cvika4.elf
Finished building: default.size.stdout
 
09:25:15 **** Incremental Build of configuration Debug for project cvika4 ****
make -j7 all 
arm-none-eabi-size   cvika4.elf 
   text	   data	    bss	    dec	    hex	filename
  17468	     20	   1796	  19284	   4b54	cvika4.elf
Finished building: default.size.stdout
 
09:26:58 **** Incremental Build of configuration Debug for project cvika4 ****
make -j7 all 
arm-none-eabi-gcc "../Core/Src/main.c" -mcpu=cortex-m0 -std=gnu11 -g3 -DDEBUG -DUSE_HAL_DRIVER -DSTM32F030x8 -c -I../Core/Inc -I../Drivers/STM32F0xx_HAL_Driver/Inc -I../Drivers/STM32F0xx_HAL_Driver/Inc/Legacy -I../Drivers/CMSIS/Device/ST/STM32F0xx/Include -I../Drivers/CMSIS/Include -O0 -ffunction-sections -fdata-sections -Wall -fstack-usage -fcyclomatic-complexity -MMD -MP -MF"Core/Src/main.d" -MT"Core/Src/main.o" --specs=nano.specs -mfloat-abi=soft -mthumb -o "Core/Src/main.o"
arm-none-eabi-gcc -o "cvika4.elf" @"objects.list"   -mcpu=cortex-m0 -T"/Users/topsecret/Documents/škola/FEKT/sem7/MKS/cvika/cvika4/STM32F030R8TX_FLASH.ld" --specs=nosys.specs -Wl,-Map="cvika4.map" -Wl,--gc-sections -static --specs=nano.specs -mfloat-abi=soft -mthumb -Wl,--start-group -lc -lm -Wl,--end-group
Finished building target: cvika4.elf
 
arm-none-eabi-size   cvika4.elf 
arm-none-eabi-objdump -h -S  cvika4.elf  > "cvika4.list"
   text	   data	    bss	    dec	    hex	filename
  17468	     20	   1796	  19284	   4b54	cvika4.elf
Finished building: default.size.stdout
 
Finished building: cvika4.list
 
09:27:15 **** Incremental Build of configuration Debug for project cvika4 ****
make -j7 all 
arm-none-eabi-size   cvika4.elf 
   text	   data	    bss	    dec	    hex	filename
  17468	     20	   1796	  19284	   4b54	cvika4.elf
Finished building: default.size.stdout
 
09:29:52 **** Incremental Build of configuration Debug for project cvika4 ****
make -j7 all 
arm-none-eabi-gcc "../Core/Src/main.c" -mcpu=cortex-m0 -std=gnu11 -g3 -DDEBUG -DUSE_HAL_DRIVER -DSTM32F030x8 -c -I../Core/Inc -I../Drivers/STM32F0xx_HAL_Driver/Inc -I../Drivers/STM32F0xx_HAL_Driver/Inc/Legacy -I../Drivers/CMSIS/Device/ST/STM32F0xx/Include -I../Drivers/CMSIS/Include -O0 -ffunction-sections -fdata-sections -Wall -fstack-usage -fcyclomatic-complexity -MMD -MP -MF"Core/Src/main.d" -MT"Core/Src/main.o" --specs=nano.specs -mfloat-abi=soft -mthumb -o "Core/Src/main.o"
arm-none-eabi-gcc -o "cvika4.elf" @"objects.list"   -mcpu=cortex-m0 -T"/Users/topsecret/Documents/škola/FEKT/sem7/MKS/cvika/cvika4/STM32F030R8TX_FLASH.ld" --specs=nosys.specs -Wl,-Map="cvika4.map" -Wl,--gc-sections -static --specs=nano.specs -mfloat-abi=soft -mthumb -Wl,--start-group -lc -lm -Wl,--end-group
Finished building target: cvika4.elf
 
arm-none-eabi-size   cvika4.elf 
arm-none-eabi-objdump -h -S  cvika4.elf  > "cvika4.list"
   text	   data	    bss	    dec	    hex	filename
  17500	     20	   1796	  19316	   4b74	cvika4.elf
Finished building: default.size.stdout
 
Finished building: cvika4.list
 
09:31:50 **** Incremental Build of configuration Debug for project cvika4 ****
make -j7 all 
arm-none-eabi-gcc "../Core/Src/main.c" -mcpu=cortex-m0 -std=gnu11 -g3 -DDEBUG -DUSE_HAL_DRIVER -DSTM32F030x8 -c -I../Core/Inc -I../Drivers/STM32F0xx_HAL_Driver/Inc -I../Drivers/STM32F0xx_HAL_Driver/Inc/Legacy -I../Drivers/CMSIS/Device/ST/STM32F0xx/Include -I../Drivers/CMSIS/Include -O0 -ffunction-sections -fdata-sections -Wall -fstack-usage -fcyclomatic-complexity -MMD -MP -MF"Core/Src/main.d" -MT"Core/Src/main.o" --specs=nano.specs -mfloat-abi=soft -mthumb -o "Core/Src/main.o"
arm-none-eabi-gcc -o "cvika4.elf" @"objects.list"   -mcpu=cortex-m0 -T"/Users/topsecret/Documents/škola/FEKT/sem7/MKS/cvika/cvika4/STM32F030R8TX_FLASH.ld" --specs=nosys.specs -Wl,-Map="cvika4.map" -Wl,--gc-sections -static --specs=nano.specs -mfloat-abi=soft -mthumb -Wl,--start-group -lc -lm -Wl,--end-group
Finished building target: cvika4.elf
 
arm-none-eabi-size   cvika4.elf 
arm-none-eabi-objdump -h -S  cvika4.elf  > "cvika4.list"
   text	   data	    bss	    dec	    hex	filename
  17500	     20	   1796	  19316	   4b74	cvika4.elf
Finished building: default.size.stdout
 
Finished building: cvika4.list
 
09:34:53 **** Incremental Build of configuration Debug for project cvika4 ****
make -j7 all 
arm-none-eabi-gcc "../Core/Src/main.c" -mcpu=cortex-m0 -std=gnu11 -g3 -DDEBUG -DUSE_HAL_DRIVER -DSTM32F030x8 -c -I../Core/Inc -I../Drivers/STM32F0xx_HAL_Driver/Inc -I../Drivers/STM32F0xx_HAL_Driver/Inc/Legacy -I../Drivers/CMSIS/Device/ST/STM32F0xx/Include -I../Drivers/CMSIS/Include -O0 -ffunction-sections -fdata-sections -Wall -fstack-usage -fcyclomatic-complexity -MMD -MP -MF"Core/Src/main.d" -MT"Core/Src/main.o" --specs=nano.specs -mfloat-abi=soft -mthumb -o "Core/Src/main.o"
arm-none-eabi-gcc -o "cvika4.elf" @"objects.list"   -mcpu=cortex-m0 -T"/Users/topsecret/Documents/škola/FEKT/sem7/MKS/cvika/cvika4/STM32F030R8TX_FLASH.ld" --specs=nosys.specs -Wl,-Map="cvika4.map" -Wl,--gc-sections -static --specs=nano.specs -mfloat-abi=soft -mthumb -Wl,--start-group -lc -lm -Wl,--end-group
Finished building target: cvika4.elf
 
arm-none-eabi-size   cvika4.elf 
arm-none-eabi-objdump -h -S  cvika4.elf  > "cvika4.list"
   text	   data	    bss	    dec	    hex	filename
  17500	     20	   1796	  19316	   4b74	cvika4.elf
Finished building: default.size.stdout
 
Finished building: cvika4.list
 
09:36:25 **** Incremental Build of configuration Debug for project cvika4 ****
make -j7 all 
arm-none-eabi-size   cvika4.elf 
   text	   data	    bss	    dec	    hex	filename
  17500	     20	   1796	  19316	   4b74	cvika4.elf
Finished building: default.size.stdout
 
09:38:39 **** Incremental Build of configuration Debug for project cvika4 ****
make -j7 all 
arm-none-eabi-gcc "../Core/Src/main.c" -mcpu=cortex-m0 -std=gnu11 -g3 -DDEBUG -DUSE_HAL_DRIVER -DSTM32F030x8 -c -I../Core/Inc -I../Drivers/STM32F0xx_HAL_Driver/Inc -I../Drivers/STM32F0xx_HAL_Driver/Inc/Legacy -I../Drivers/CMSIS/Device/ST/STM32F0xx/Include -I../Drivers/CMSIS/Include -O0 -ffunction-sections -fdata-sections -Wall -fstack-usage -fcyclomatic-complexity -MMD -MP -MF"Core/Src/main.d" -MT"Core/Src/main.o" --specs=nano.specs -mfloat-abi=soft -mthumb -o "Core/Src/main.o"
arm-none-eabi-gcc -o "cvika4.elf" @"objects.list"   -mcpu=cortex-m0 -T"/Users/topsecret/Documents/škola/FEKT/sem7/MKS/cvika/cvika4/STM32F030R8TX_FLASH.ld" --specs=nosys.specs -Wl,-Map="cvika4.map" -Wl,--gc-sections -static --specs=nano.specs -mfloat-abi=soft -mthumb -Wl,--start-group -lc -lm -Wl,--end-group
Finished building target: cvika4.elf
 
arm-none-eabi-size   cvika4.elf 
arm-none-eabi-objdump -h -S  cvika4.elf  > "cvika4.list"
   text	   data	    bss	    dec	    hex	filename
  17400	     20	   1796	  19216	   4b10	cvika4.elf
Finished building: default.size.stdout
 
Finished building: cvika4.list
 
09:40:09 **** Incremental Build of configuration Debug for project cvika4 ****
make -j7 all 
arm-none-eabi-gcc "../Core/Src/main.c" -mcpu=cortex-m0 -std=gnu11 -g3 -DDEBUG -DUSE_HAL_DRIVER -DSTM32F030x8 -c -I../Core/Inc -I../Drivers/STM32F0xx_HAL_Driver/Inc -I../Drivers/STM32F0xx_HAL_Driver/Inc/Legacy -I../Drivers/CMSIS/Device/ST/STM32F0xx/Include -I../Drivers/CMSIS/Include -O0 -ffunction-sections -fdata-sections -Wall -fstack-usage -fcyclomatic-complexity -MMD -MP -MF"Core/Src/main.d" -MT"Core/Src/main.o" --specs=nano.specs -mfloat-abi=soft -mthumb -o "Core/Src/main.o"
arm-none-eabi-gcc -o "cvika4.elf" @"objects.list"   -mcpu=cortex-m0 -T"/Users/topsecret/Documents/škola/FEKT/sem7/MKS/cvika/cvika4/STM32F030R8TX_FLASH.ld" --specs=nosys.specs -Wl,-Map="cvika4.map" -Wl,--gc-sections -static --specs=nano.specs -mfloat-abi=soft -mthumb -Wl,--start-group -lc -lm -Wl,--end-group
Finished building target: cvika4.elf
 
arm-none-eabi-size   cvika4.elf 
arm-none-eabi-objdump -h -S  cvika4.elf  > "cvika4.list"
   text	   data	    bss	    dec	    hex	filename
  17400	     24	   1792	  19216	   4b10	cvika4.elf
Finished building: default.size.stdout
 
Finished building: cvika4.list
 
09:41:17 **** Incremental Build of configuration Debug for project cvika4 ****
make -j7 all 
arm-none-eabi-gcc "../Core/Src/main.c" -mcpu=cortex-m0 -std=gnu11 -g3 -DDEBUG -DUSE_HAL_DRIVER -DSTM32F030x8 -c -I../Core/Inc -I../Drivers/STM32F0xx_HAL_Driver/Inc -I../Drivers/STM32F0xx_HAL_Driver/Inc/Legacy -I../Drivers/CMSIS/Device/ST/STM32F0xx/Include -I../Drivers/CMSIS/Include -O0 -ffunction-sections -fdata-sections -Wall -fstack-usage -fcyclomatic-complexity -MMD -MP -MF"Core/Src/main.d" -MT"Core/Src/main.o" --specs=nano.specs -mfloat-abi=soft -mthumb -o "Core/Src/main.o"
arm-none-eabi-gcc -o "cvika4.elf" @"objects.list"   -mcpu=cortex-m0 -T"/Users/topsecret/Documents/škola/FEKT/sem7/MKS/cvika/cvika4/STM32F030R8TX_FLASH.ld" --specs=nosys.specs -Wl,-Map="cvika4.map" -Wl,--gc-sections -static --specs=nano.specs -mfloat-abi=soft -mthumb -Wl,--start-group -lc -lm -Wl,--end-group
Finished building target: cvika4.elf
 
arm-none-eabi-size   cvika4.elf 
arm-none-eabi-objdump -h -S  cvika4.elf  > "cvika4.list"
   text	   data	    bss	    dec	    hex	filename
  17356	     24	   1792	  19172	   4ae4	cvika4.elf
Finished building: default.size.stdout
 
Finished building: cvika4.list
 
09:41:48 **** Incremental Build of configuration Debug for project cvika4 ****
make -j7 all 
arm-none-eabi-size   cvika4.elf 
   text	   data	    bss	    dec	    hex	filename
  17356	     24	   1792	  19172	   4ae4	cvika4.elf
Finished building: default.size.stdout
 
09:42:40 **** Incremental Build of configuration Debug for project cvika4 ****
make -j7 all 
arm-none-eabi-size   cvika4.elf 
   text	   data	    bss	    dec	    hex	filename
  17356	     24	   1792	  19172	   4ae4	cvika4.elf
Finished building: default.size.stdout
 
09:49:27 **** Incremental Build of configuration Debug for project cvika4 ****
make -j7 all 
arm-none-eabi-gcc "../Core/Src/main.c" -mcpu=cortex-m0 -std=gnu11 -g3 -DDEBUG -DUSE_HAL_DRIVER -DSTM32F030x8 -c -I../Core/Inc -I../Drivers/STM32F0xx_HAL_Driver/Inc -I../Drivers/STM32F0xx_HAL_Driver/Inc/Legacy -I../Drivers/CMSIS/Device/ST/STM32F0xx/Include -I../Drivers/CMSIS/Include -O0 -ffunction-sections -fdata-sections -Wall -fstack-usage -fcyclomatic-complexity -MMD -MP -MF"Core/Src/main.d" -MT"Core/Src/main.o" --specs=nano.specs -mfloat-abi=soft -mthumb -o "Core/Src/main.o"
arm-none-eabi-gcc -o "cvika4.elf" @"objects.list"   -mcpu=cortex-m0 -T"/Users/topsecret/Documents/škola/FEKT/sem7/MKS/cvika/cvika4/STM32F030R8TX_FLASH.ld" --specs=nosys.specs -Wl,-Map="cvika4.map" -Wl,--gc-sections -static --specs=nano.specs -mfloat-abi=soft -mthumb -Wl,--start-group -lc -lm -Wl,--end-group
Finished building target: cvika4.elf
 
arm-none-eabi-size   cvika4.elf 
arm-none-eabi-objdump -h -S  cvika4.elf  > "cvika4.list"
   text	   data	    bss	    dec	    hex	filename
  17460	     24	   1792	  19276	   4b4c	cvika4.elf
Finished building: default.size.stdout
 
Finished building: cvika4.list
 
09:52:44 **** Incremental Build of configuration Debug for project cvika4 ****
make -j7 all 
arm-none-eabi-gcc "../Core/Src/main.c" -mcpu=cortex-m0 -std=gnu11 -g3 -DDEBUG -DUSE_HAL_DRIVER -DSTM32F030x8 -c -I../Core/Inc -I../Drivers/STM32F0xx_HAL_Driver/Inc -I../Drivers/STM32F0xx_HAL_Driver/Inc/Legacy -I../Drivers/CMSIS/Device/ST/STM32F0xx/Include -I../Drivers/CMSIS/Include -O0 -ffunction-sections -fdata-sections -Wall -fstack-usage -fcyclomatic-complexity -MMD -MP -MF"Core/Src/main.d" -MT"Core/Src/main.o" --specs=nano.specs -mfloat-abi=soft -mthumb -o "Core/Src/main.o"
arm-none-eabi-gcc -o "cvika4.elf" @"objects.list"   -mcpu=cortex-m0 -T"/Users/topsecret/Documents/škola/FEKT/sem7/MKS/cvika/cvika4/STM32F030R8TX_FLASH.ld" --specs=nosys.specs -Wl,-Map="cvika4.map" -Wl,--gc-sections -static --specs=nano.specs -mfloat-abi=soft -mthumb -Wl,--start-group -lc -lm -Wl,--end-group
Finished building target: cvika4.elf
 
arm-none-eabi-size   cvika4.elf 
arm-none-eabi-objdump -h -S  cvika4.elf  > "cvika4.list"
   text	   data	    bss	    dec	    hex	filename
  17460	     20	   1796	  19276	   4b4c	cvika4.elf
Finished building: default.size.stdout
 
Finished building: cvika4.list
 
09:55:09 **** Incremental Build of configuration Debug for project cvika4 ****
make -j7 all 
arm-none-eabi-gcc "../Core/Src/main.c" -mcpu=cortex-m0 -std=gnu11 -g3 -DDEBUG -DUSE_HAL_DRIVER -DSTM32F030x8 -c -I../Core/Inc -I../Drivers/STM32F0xx_HAL_Driver/Inc -I../Drivers/STM32F0xx_HAL_Driver/Inc/Legacy -I../Drivers/CMSIS/Device/ST/STM32F0xx/Include -I../Drivers/CMSIS/Include -O0 -ffunction-sections -fdata-sections -Wall -fstack-usage -fcyclomatic-complexity -MMD -MP -MF"Core/Src/main.d" -MT"Core/Src/main.o" --specs=nano.specs -mfloat-abi=soft -mthumb -o "Core/Src/main.o"
arm-none-eabi-gcc -o "cvika4.elf" @"objects.list"   -mcpu=cortex-m0 -T"/Users/topsecret/Documents/škola/FEKT/sem7/MKS/cvika/cvika4/STM32F030R8TX_FLASH.ld" --specs=nosys.specs -Wl,-Map="cvika4.map" -Wl,--gc-sections -static --specs=nano.specs -mfloat-abi=soft -mthumb -Wl,--start-group -lc -lm -Wl,--end-group
Finished building target: cvika4.elf
 
arm-none-eabi-size   cvika4.elf 
arm-none-eabi-objdump -h -S  cvika4.elf  > "cvika4.list"
   text	   data	    bss	    dec	    hex	filename
  17504	     20	   1796	  19320	   4b78	cvika4.elf
Finished building: default.size.stdout
 
Finished building: cvika4.list
 
09:56:15 **** Incremental Build of configuration Debug for project cvika4 ****
make -j7 all 
arm-none-eabi-gcc "../Core/Src/main.c" -mcpu=cortex-m0 -std=gnu11 -g3 -DDEBUG -DUSE_HAL_DRIVER -DSTM32F030x8 -c -I../Core/Inc -I../Drivers/STM32F0xx_HAL_Driver/Inc -I../Drivers/STM32F0xx_HAL_Driver/Inc/Legacy -I../Drivers/CMSIS/Device/ST/STM32F0xx/Include -I../Drivers/CMSIS/Include -O0 -ffunction-sections -fdata-sections -Wall -fstack-usage -fcyclomatic-complexity -MMD -MP -MF"Core/Src/main.d" -MT"Core/Src/main.o" --specs=nano.specs -mfloat-abi=soft -mthumb -o "Core/Src/main.o"
arm-none-eabi-gcc -o "cvika4.elf" @"objects.list"   -mcpu=cortex-m0 -T"/Users/topsecret/Documents/škola/FEKT/sem7/MKS/cvika/cvika4/STM32F030R8TX_FLASH.ld" --specs=nosys.specs -Wl,-Map="cvika4.map" -Wl,--gc-sections -static --specs=nano.specs -mfloat-abi=soft -mthumb -Wl,--start-group -lc -lm -Wl,--end-group
Finished building target: cvika4.elf
 
arm-none-eabi-size   cvika4.elf 
arm-none-eabi-objdump -h -S  cvika4.elf  > "cvika4.list"
   text	   data	    bss	    dec	    hex	filename
  17484	     20	   1796	  19300	   4b64	cvika4.elf
Finished building: default.size.stdout
 
Finished building: cvika4.list
 
09:57:26 **** Incremental Build of configuration Debug for project cvika4 ****
make -j7 all 
arm-none-eabi-size   cvika4.elf 
   text	   data	    bss	    dec	    hex	filename
  17484	     20	   1796	  19300	   4b64	cvika4.elf
Finished building: default.size.stdout
 
